2025-01-20 08:21:13,948 [INFO] Activator:176 - 


2025-01-20 08:21:13,952 [INFO] Activator:177 - !SESSION log4j initialized
2025-01-20 08:21:18,396 [INFO] LogOutputStream:77 - [STDOUT_REDIRECT] 
2025-01-20 08:21:25,331 [INFO] ApplicationProperties:184 - Using Application install path: C:\ST\STM32CubeIDE_1.16.0\STM32CubeIDE\plugins\com.st.stm32cube.common.mx_6.12.0.202406281431
2025-01-20 08:21:25,345 [INFO] DbMcusXml:78 - Set database path to: C:\ST\STM32CubeIDE_1.16.0\STM32CubeIDE\plugins\com.st.stm32cube.common.mx_6.12.0.202406281431\\db\/mcu/
2025-01-20 08:21:25,345 [INFO] ApiDb:274 - Set plugin database path to: C:\ST\STM32CubeIDE_1.16.0\STM32CubeIDE\plugins\com.st.stm32cube.common.mx_6.12.0.202406281431\\db\/plugins/boardmanager/
2025-01-20 08:21:25,345 [WARN] ApiDb:259 - Overriding images path with different value:  => C:\ST\STM32CubeIDE_1.16.0\STM32CubeIDE\plugins\com.st.stm32cube.common.mx_6.12.0.202406281431\\db\/plugins/mcufinder/images/
2025-01-20 08:21:25,351 [INFO] ApiDb:250 - Set database path to: C:\Users\Korisnik\.stmcufinder\plugins\mcufinder//mcu/
2025-01-20 08:21:25,353 [INFO] DbMcusAds:125 - Set database path to: C:\Users\Korisnik\.stmcufinder\plugins\mcufinder//mcu/
2025-01-20 08:21:25,355 [INFO] CrossReferenceDbSqlite:203 - Set database path to: C:\Users\Korisnik\.stmcufinder\plugins\mcufinder//mcu/cs/
2025-01-20 08:21:25,435 [INFO] RulesReader:64 - Compatibility file has been processed (297 Rules)
2025-01-20 08:21:25,491 [INFO] DbMcusXml:78 - Set database path to: C:\ST\STM32CubeIDE_1.16.0\STM32CubeIDE\plugins\com.st.stm32cube.common.mx_6.12.0.202406281431\\db\/mcu/
2025-01-20 08:21:25,491 [INFO] ApiDb:274 - Set plugin database path to: C:\ST\STM32CubeIDE_1.16.0\STM32CubeIDE\plugins\com.st.stm32cube.common.mx_6.12.0.202406281431\\db\/plugins/boardmanager/
2025-01-20 08:21:25,491 [INFO] ApiDb:261 - Set plugin images path to: C:\ST\STM32CubeIDE_1.16.0\STM32CubeIDE\plugins\com.st.stm32cube.common.mx_6.12.0.202406281431\\db\/plugins/mcufinder/images/
2025-01-20 08:21:25,491 [WARN] DbFile:41 - Overriding database path with different value: C:\Users\Korisnik\.stmcufinder\plugins\mcufinder/ => C:\Users\Korisnik\.stmcufinder\plugins\mcufinder
2025-01-20 08:21:25,491 [INFO] ApiDb:250 - Set database path to: C:\Users\Korisnik\.stmcufinder\plugins\mcufinder//mcu/
2025-01-20 08:21:25,491 [WARN] DbFile:41 - Overriding database path with different value: C:\Users\Korisnik\.stmcufinder\plugins\mcufinder/ => C:\Users\Korisnik\.stmcufinder\plugins\mcufinder
2025-01-20 08:21:25,491 [INFO] DbMcusAds:125 - Set database path to: C:\Users\Korisnik\.stmcufinder\plugins\mcufinder//mcu/
2025-01-20 08:21:25,491 [WARN] DbFile:41 - Overriding database path with different value: C:\Users\Korisnik\.stmcufinder\plugins\mcufinder/ => C:\Users\Korisnik\.stmcufinder\plugins\mcufinder
2025-01-20 08:21:25,492 [WARN] DbFile:41 - Overriding database path with different value: C:\Users\Korisnik\.stmcufinder\plugins\mcufinder/ => C:\Users\Korisnik\.stmcufinder\plugins\mcufinder
2025-01-20 08:21:25,492 [INFO] CrossReferenceDbSqlite:203 - Set database path to: C:\Users\Korisnik\.stmcufinder\plugins\mcufinder//mcu/cs/
2025-01-20 08:21:25,555 [INFO] MainPanel:268 - HeapMemory: 268435456
2025-01-20 08:21:25,627 [INFO] DbMcusXml:78 - Set database path to: C:\ST\STM32CubeIDE_1.16.0\STM32CubeIDE\plugins\com.st.stm32cube.common.mx_6.12.0.202406281431\\db\/mcu/
2025-01-20 08:21:25,628 [INFO] ApiDb:274 - Set plugin database path to: C:\ST\STM32CubeIDE_1.16.0\STM32CubeIDE\plugins\com.st.stm32cube.common.mx_6.12.0.202406281431\\db\/plugins/boardmanager/
2025-01-20 08:21:25,628 [INFO] ApiDb:261 - Set plugin images path to: C:\ST\STM32CubeIDE_1.16.0\STM32CubeIDE\plugins\com.st.stm32cube.common.mx_6.12.0.202406281431\\db\/plugins/mcufinder/images/
2025-01-20 08:21:25,628 [WARN] DbFile:41 - Overriding database path with different value: C:\Users\Korisnik\.stmcufinder\plugins\mcufinder/ => C:\Users\Korisnik\.stmcufinder\plugins\mcufinder
2025-01-20 08:21:25,628 [INFO] ApiDb:250 - Set database path to: C:\Users\Korisnik\.stmcufinder\plugins\mcufinder//mcu/
2025-01-20 08:21:25,628 [WARN] DbFile:41 - Overriding database path with different value: C:\Users\Korisnik\.stmcufinder\plugins\mcufinder/ => C:\Users\Korisnik\.stmcufinder\plugins\mcufinder
2025-01-20 08:21:25,628 [INFO] DbMcusAds:125 - Set database path to: C:\Users\Korisnik\.stmcufinder\plugins\mcufinder//mcu/
2025-01-20 08:21:25,628 [WARN] DbFile:41 - Overriding database path with different value: C:\Users\Korisnik\.stmcufinder\plugins\mcufinder/ => C:\Users\Korisnik\.stmcufinder\plugins\mcufinder
2025-01-20 08:21:25,628 [WARN] DbFile:41 - Overriding database path with different value: C:\Users\Korisnik\.stmcufinder\plugins\mcufinder/ => C:\Users\Korisnik\.stmcufinder\plugins\mcufinder
2025-01-20 08:21:25,628 [INFO] CrossReferenceDbSqlite:203 - Set database path to: C:\Users\Korisnik\.stmcufinder\plugins\mcufinder//mcu/cs/
2025-01-20 08:21:25,639 [INFO] ApplicationProperties:184 - Using Application install path: C:\ST\STM32CubeIDE_1.16.0\STM32CubeIDE\plugins\com.st.stm32cube.common.mx_6.12.0.202406281431
2025-01-20 08:21:25,640 [INFO] PluginManage:196 - Search for loadable plugins [exclusion list=, ]
2025-01-20 08:21:25,642 [INFO] PluginManage:310 - Check plugin analytics
2025-01-20 08:21:30,701 [INFO] AnalyticsPlugin:253 - Accepted Software Licenses: 
2025-01-20 08:21:30,701 [INFO] AnalyticsPlugin:255 - Accepted CMSIS Pack Licenses: 
2025-01-20 08:21:30,702 [INFO] AnalyticsPlugin:257 - Accepted Firmware Licenses: FW.F4.1.27.0,FW.G4.1.5.0,FW.G4.1.6.0
2025-01-20 08:21:30,703 [INFO] PluginManage:359 - Loaded plugin analytics (category:tool,tabindex:-1)
2025-01-20 08:21:30,703 [INFO] PluginManage:310 - Check plugin cadmodel
2025-01-20 08:21:30,717 [INFO] CADModel:105 - Init CAD model plugin
2025-01-20 08:21:30,717 [INFO] PluginManage:359 - Loaded plugin cadmodel (category:power,tabindex:5)
2025-01-20 08:21:30,717 [INFO] PluginManage:310 - Check plugin clock
2025-01-20 08:21:30,733 [INFO] PluginManage:359 - Loaded plugin clock (category:base,tabindex:2)
2025-01-20 08:21:30,733 [INFO] PluginManage:310 - Check plugin ddr
2025-01-20 08:21:30,735 [INFO] PluginManage:359 - Loaded plugin ddr (category:tool,tabindex:6)
2025-01-20 08:21:30,735 [INFO] PluginManage:310 - Check plugin filemanager
2025-01-20 08:21:30,834 [INFO] PluginManage:359 - Loaded plugin filemanager (category:base,tabindex:10)
2025-01-20 08:21:30,834 [INFO] PluginManage:310 - Check plugin ipmanager
2025-01-20 08:21:30,840 [INFO] PluginManage:359 - Loaded plugin ipmanager (category:base,tabindex:5)
2025-01-20 08:21:30,841 [INFO] PluginManage:310 - Check plugin lpbam
2025-01-20 08:21:30,855 [INFO] PluginManage:359 - Loaded plugin lpbam (category:base,tabindex:0)
2025-01-20 08:21:30,855 [INFO] PluginManage:310 - Check plugin memorymap
2025-01-20 08:21:30,873 [INFO] PluginManage:359 - Loaded plugin memorymap (category:base,tabindex:4)
2025-01-20 08:21:30,873 [INFO] PluginManage:310 - Check plugin pinoutandconfiguration
2025-01-20 08:21:30,887 [INFO] PluginManage:359 - Loaded plugin pinoutandconfiguration (category:base,tabindex:1)
2025-01-20 08:21:30,887 [INFO] PluginManage:310 - Check plugin pinoutconfig
2025-01-20 08:21:30,961 [WARN] SupportedApi:132 - Cannot load RTOS API schema: s4s-elt-must-match.1: The content of 'definitions' must match (annotation?, (simpleType | complexType)?, (unique | key | keyref)*)). A problem was found starting at: attribute.
2025-01-20 08:21:31,046 [INFO] PluginManage:359 - Loaded plugin pinoutconfig (category:base,tabindex:0)
2025-01-20 08:21:31,046 [INFO] PluginManage:310 - Check plugin power
2025-01-20 08:21:31,062 [INFO] PluginManage:359 - Loaded plugin power (category:power,tabindex:4)
2025-01-20 08:21:31,062 [INFO] PluginManage:310 - Check plugin projectmanager
2025-01-20 08:21:31,075 [INFO] PluginManage:359 - Loaded plugin projectmanager (category:projectmanager,tabindex:4)
2025-01-20 08:21:31,075 [INFO] PluginManage:310 - Check plugin rif
2025-01-20 08:21:31,087 [INFO] PluginManage:359 - Loaded plugin rif (category:base,tabindex:3)
2025-01-20 08:21:31,087 [INFO] PluginManage:310 - Check plugin thirdparty
2025-01-20 08:21:31,307 [WARN] IntegrityCheckThread:84 - waiting for thirdparty lock release [integrity check]
2025-01-20 08:21:31,307 [INFO] IntegrityCheckThread:86 - entering critical section [integrity check]
2025-01-20 08:21:31,309 [INFO] ThirdPartyUpdaterWithRetryManager:70 - Updater plugin not ready yet. [1/15]
2025-01-20 08:21:31,309 [INFO] PluginManage:359 - Loaded plugin thirdparty (category:base,tabindex:-1)
2025-01-20 08:21:31,309 [INFO] PluginManage:310 - Check plugin tools
2025-01-20 08:21:31,335 [INFO] PluginManage:359 - Loaded plugin tools (category:base,tabindex:7)
2025-01-20 08:21:31,335 [INFO] PluginManage:310 - Check plugin tutovideos
2025-01-20 08:21:31,502 [INFO] PluginManage:359 - Loaded plugin tutovideos (category:base,tabindex:-1)
2025-01-20 08:21:31,502 [INFO] PluginManage:310 - Check plugin updater
2025-01-20 08:21:31,514 [INFO] PluginManage:359 - Loaded plugin updater (category:base,tabindex:12)
2025-01-20 08:21:31,514 [INFO] PluginManage:310 - Check plugin userauth
2025-01-20 08:21:31,518 [INFO] UserAuth:113 - Init User Auth plugin
2025-01-20 08:21:31,518 [INFO] PluginManage:359 - Loaded plugin userauth (category:base,tabindex:14)
2025-01-20 08:21:31,518 [INFO] PluginManage:283 - PluginManage : Loaded plugins [18]
2025-01-20 08:21:31,658 [INFO] PinOutPanel:1561 - setPackage(No Configuration,No Configuration)
2025-01-20 08:21:31,717 [INFO] CADModel:165 - CPN selected for project level
2025-01-20 08:21:31,717 [INFO] CADModel:114 - Register for checkConnection events
2025-01-20 08:21:31,737 [INFO] IPUIPlugin:80 - create IPUIPlugin
2025-01-20 08:21:31,737 [INFO] PluginManager:220 - loadIPPluginJar : add adc
2025-01-20 08:21:31,764 [INFO] IPUIPlugin:80 - create IPUIPlugin
2025-01-20 08:21:31,765 [INFO] PluginManager:220 - loadIPPluginJar : add aes
2025-01-20 08:21:31,793 [INFO] IPUIPlugin:80 - create IPUIPlugin
2025-01-20 08:21:31,794 [INFO] PluginManager:220 - loadIPPluginJar : add can
2025-01-20 08:21:31,812 [INFO] IPUIPlugin:80 - create IPUIPlugin
2025-01-20 08:21:31,812 [INFO] PluginManager:220 - loadIPPluginJar : add comp
2025-01-20 08:21:31,836 [INFO] IPUIPlugin:80 - create IPUIPlugin
2025-01-20 08:21:31,836 [INFO] PluginManager:220 - loadIPPluginJar : add cryp
2025-01-20 08:21:31,846 [INFO] IPUIPlugin:80 - create IPUIPlugin
2025-01-20 08:21:31,846 [INFO] PluginManager:220 - loadIPPluginJar : add ddr_ctrl_phy
2025-01-20 08:21:31,868 [INFO] IPUIPlugin:80 - create IPUIPlugin
2025-01-20 08:21:31,868 [INFO] PluginManager:220 - loadIPPluginJar : add dfsdm
2025-01-20 08:21:31,879 [INFO] IPUIPlugin:80 - create IPUIPlugin
2025-01-20 08:21:31,879 [INFO] PluginManager:220 - loadIPPluginJar : add dma
2025-01-20 08:21:31,911 [INFO] IPUIPlugin:80 - create IPUIPlugin
2025-01-20 08:21:31,911 [INFO] PluginManager:220 - loadIPPluginJar : add dma3
2025-01-20 08:21:31,942 [INFO] IPUIPlugin:80 - create IPUIPlugin
2025-01-20 08:21:31,942 [INFO] PluginManager:220 - loadIPPluginJar : add extmemmanager
2025-01-20 08:21:31,958 [INFO] IPUIPlugin:80 - create IPUIPlugin
2025-01-20 08:21:31,958 [INFO] PluginManager:220 - loadIPPluginJar : add fatfs
2025-01-20 08:21:31,994 [INFO] IPUIPlugin:80 - create IPUIPlugin
2025-01-20 08:21:31,995 [INFO] PluginManager:220 - loadIPPluginJar : add fmc
2025-01-20 08:21:32,006 [INFO] IPUIPlugin:80 - create IPUIPlugin
2025-01-20 08:21:32,006 [INFO] PluginManager:220 - loadIPPluginJar : add freertos
2025-01-20 08:21:32,022 [INFO] IPUIPlugin:80 - create IPUIPlugin
2025-01-20 08:21:32,023 [INFO] PluginManager:220 - loadIPPluginJar : add genericplugin
2025-01-20 08:21:32,085 [INFO] IPUIPlugin:80 - create IPUIPlugin
2025-01-20 08:21:32,085 [INFO] PluginManager:220 - loadIPPluginJar : add gfxmmu
2025-01-20 08:21:32,170 [INFO] IPUIPlugin:80 - create IPUIPlugin
2025-01-20 08:21:32,170 [INFO] PluginManager:220 - loadIPPluginJar : add gic
2025-01-20 08:21:32,181 [INFO] IPUIPlugin:80 - create IPUIPlugin
2025-01-20 08:21:32,181 [INFO] PluginManager:220 - loadIPPluginJar : add gpio
2025-01-20 08:21:32,243 [INFO] IPUIPlugin:80 - create IPUIPlugin
2025-01-20 08:21:32,243 [INFO] PluginManager:220 - loadIPPluginJar : add gtzc
2025-01-20 08:21:32,266 [INFO] IPUIPlugin:80 - create IPUIPlugin
2025-01-20 08:21:32,266 [INFO] PluginManager:220 - loadIPPluginJar : add hash
2025-01-20 08:21:32,302 [INFO] IPUIPlugin:80 - create IPUIPlugin
2025-01-20 08:21:32,302 [INFO] PluginManager:220 - loadIPPluginJar : add i2c
2025-01-20 08:21:32,329 [INFO] IPUIPlugin:80 - create IPUIPlugin
2025-01-20 08:21:32,329 [INFO] PluginManager:220 - loadIPPluginJar : add i2s
2025-01-20 08:21:32,358 [INFO] IPUIPlugin:80 - create IPUIPlugin
2025-01-20 08:21:32,358 [INFO] PluginManager:220 - loadIPPluginJar : add i3c
2025-01-20 08:21:32,427 [INFO] IPUIPlugin:80 - create IPUIPlugin
2025-01-20 08:21:32,427 [INFO] PluginManager:220 - loadIPPluginJar : add ipddr
2025-01-20 08:21:32,488 [INFO] IPUIPlugin:80 - create IPUIPlugin
2025-01-20 08:21:32,488 [INFO] PluginManager:220 - loadIPPluginJar : add linkedlist
2025-01-20 08:21:32,513 [INFO] IPUIPlugin:80 - create IPUIPlugin
2025-01-20 08:21:32,513 [INFO] PluginManager:220 - loadIPPluginJar : add lorawan
2025-01-20 08:21:32,540 [INFO] IPUIPlugin:80 - create IPUIPlugin
2025-01-20 08:21:32,540 [INFO] PluginManager:220 - loadIPPluginJar : add ltdc
2025-01-20 08:21:32,552 [INFO] IPUIPlugin:80 - create IPUIPlugin
2025-01-20 08:21:32,552 [INFO] PluginManager:220 - loadIPPluginJar : add mdma
2025-01-20 08:21:32,561 [INFO] IPUIPlugin:80 - create IPUIPlugin
2025-01-20 08:21:32,561 [INFO] PluginManager:220 - loadIPPluginJar : add nvic
2025-01-20 08:21:32,589 [INFO] IPUIPlugin:80 - create IPUIPlugin
2025-01-20 08:21:32,589 [INFO] PluginManager:220 - loadIPPluginJar : add opamp
2025-01-20 08:21:32,630 [INFO] IPUIPlugin:80 - create IPUIPlugin
2025-01-20 08:21:32,630 [INFO] PluginManager:220 - loadIPPluginJar : add openamp
2025-01-20 08:21:32,661 [INFO] IPUIPlugin:80 - create IPUIPlugin
2025-01-20 08:21:32,661 [INFO] PluginManager:220 - loadIPPluginJar : add pdm2pcm
2025-01-20 08:21:32,673 [INFO] IPUIPlugin:80 - create IPUIPlugin
2025-01-20 08:21:32,674 [INFO] PluginManager:220 - loadIPPluginJar : add plateformsettings
2025-01-20 08:21:32,692 [INFO] IPUIPlugin:80 - create IPUIPlugin
2025-01-20 08:21:32,692 [INFO] PluginManager:220 - loadIPPluginJar : add quadspi
2025-01-20 08:21:32,711 [INFO] IPUIPlugin:80 - create IPUIPlugin
2025-01-20 08:21:32,712 [INFO] PluginManager:220 - loadIPPluginJar : add radio
2025-01-20 08:21:32,723 [INFO] IPUIPlugin:80 - create IPUIPlugin
2025-01-20 08:21:32,723 [INFO] PluginManager:220 - loadIPPluginJar : add resmgrutility
2025-01-20 08:21:32,756 [INFO] IPUIPlugin:80 - create IPUIPlugin
2025-01-20 08:21:32,756 [INFO] PluginManager:220 - loadIPPluginJar : add sai
2025-01-20 08:21:32,781 [INFO] IPUIPlugin:80 - create IPUIPlugin
2025-01-20 08:21:32,781 [INFO] PluginManager:220 - loadIPPluginJar : add spi
2025-01-20 08:21:32,830 [INFO] IPUIPlugin:80 - create IPUIPlugin
2025-01-20 08:21:32,830 [INFO] PluginManager:220 - loadIPPluginJar : add stm32_wpan
2025-01-20 08:21:32,848 [INFO] IPUIPlugin:80 - create IPUIPlugin
2025-01-20 08:21:32,848 [INFO] PluginManager:220 - loadIPPluginJar : add tim
2025-01-20 08:21:32,889 [INFO] IPUIPlugin:80 - create IPUIPlugin
2025-01-20 08:21:32,889 [INFO] PluginManager:220 - loadIPPluginJar : add touchsensing
2025-01-20 08:21:32,907 [INFO] IPUIPlugin:80 - create IPUIPlugin
2025-01-20 08:21:32,907 [INFO] PluginManager:220 - loadIPPluginJar : add tracer_emb
2025-01-20 08:21:32,925 [INFO] IPUIPlugin:80 - create IPUIPlugin
2025-01-20 08:21:32,925 [INFO] PluginManager:220 - loadIPPluginJar : add ts
2025-01-20 08:21:32,942 [INFO] IPUIPlugin:80 - create IPUIPlugin
2025-01-20 08:21:32,942 [INFO] PluginManager:220 - loadIPPluginJar : add tsc
2025-01-20 08:21:32,958 [INFO] IPUIPlugin:80 - create IPUIPlugin
2025-01-20 08:21:32,958 [INFO] PluginManager:220 - loadIPPluginJar : add ucpd
2025-01-20 08:21:32,990 [INFO] IPUIPlugin:80 - create IPUIPlugin
2025-01-20 08:21:32,990 [INFO] PluginManager:220 - loadIPPluginJar : add usart
2025-01-20 08:21:33,019 [INFO] IPUIPlugin:80 - create IPUIPlugin
2025-01-20 08:21:33,020 [INFO] PluginManager:220 - loadIPPluginJar : add usbx
2025-01-20 08:21:33,124 [INFO] CADModel:165 - CPN selected for project level
2025-01-20 08:21:33,124 [INFO] CADModel:114 - Register for checkConnection events
2025-01-20 08:21:33,124 [FATAL] Updater:334 - Updater called before beeing initialized
2025-01-20 08:21:33,124 [ERROR] CADModel:125 - Updater not yet initialized, retry later 
2025-01-20 08:21:33,204 [INFO] CADModel:165 - CPN selected for project level
2025-01-20 08:21:33,204 [INFO] CADModel:114 - Register for checkConnection events
2025-01-20 08:21:33,204 [FATAL] Updater:334 - Updater called before beeing initialized
2025-01-20 08:21:33,204 [ERROR] CADModel:125 - Updater not yet initialized, retry later 
2025-01-20 08:21:33,207 [FATAL] Updater:334 - Updater called before beeing initialized
2025-01-20 08:21:33,280 [FATAL] Updater:334 - Updater called before beeing initialized
2025-01-20 08:21:33,289 [INFO] DbMcusAds:53 - JSON generation date=Tue Dec 17 17:01:15 CET 2024 (1734451275222)
2025-01-20 08:21:33,289 [FATAL] Updater:334 - Updater called before beeing initialized
2025-01-20 08:21:33,319 [WARN] DetailPanel:346 - Failed to get advertising image, set to default
2025-01-20 08:21:33,369 [FATAL] Updater:334 - Updater called before beeing initialized
2025-01-20 08:21:33,372 [FATAL] Updater:334 - Updater called before beeing initialized
2025-01-20 08:21:33,372 [FATAL] Updater:334 - Updater called before beeing initialized
2025-01-20 08:21:33,372 [WARN] DetailPanel:346 - Failed to get advertising image, set to default
2025-01-20 08:21:33,373 [FATAL] Updater:334 - Updater called before beeing initialized
2025-01-20 08:21:33,419 [ERROR] Updater:1164 - MainUpdater not yet initialized. External WinMGr cannot be set.
2025-01-20 08:21:33,428 [INFO] Updater:1100 - Updater Version found : 6.12.0
2025-01-20 08:21:33,443 [INFO] ApplicationProperties:184 - Using Application install path: C:\ST\STM32CubeIDE_1.16.0\STM32CubeIDE\plugins\com.st.stm32cube.common.mx_6.12.0.202406281431
2025-01-20 08:21:34,319 [INFO] ThirdPartyUpdaterWithRetryManager:70 - Updater plugin not ready yet. [2/15]
2025-01-20 08:21:35,038 [ERROR] LogOutputStream:75 - [STDERR_REDIRECT] Jan 20, 2025 8:21:35 AM java.util.prefs.WindowsPreferences <init>
2025-01-20 08:21:35,039 [ERROR] LogOutputStream:75 - [STDERR_REDIRECT] WARNING: Could not open/create prefs root node Software\JavaSoft\Prefs at root 0xffffffff80000002. Windows RegCreateKeyEx(...) returned error code 5.
2025-01-20 08:21:35,039 [ERROR] LogOutputStream:75 - [STDERR_REDIRECT] 
2025-01-20 08:21:35,309 [INFO] MainUpdater:2873 - connection check result : 10
2025-01-20 08:21:35,309 [INFO] MainUpdater:3567 - Updater definition file requires update
2025-01-20 08:21:35,310 [INFO] MainUpdater:290 - Updater Check For Update Now.
2025-01-20 08:21:35,310 [INFO] MicroXplorer:498 - Change Database Version : DB.6.0.120
2025-01-20 08:21:35,325 [INFO] McuFinderGlobals:63 - Set McuFinder mode to 2 (CubeIDE integrated)
2025-01-20 08:21:35,332 [INFO] UserAuth:417 - Internet connection configuration mode: 1
2025-01-20 08:21:35,353 [INFO] JxBrowserEngine:152 - Initiate JxBrowser Engine with user profile folder
2025-01-20 08:21:35,359 [INFO] ServerAccessManage:473 - Download File updaters.zip
2025-01-20 08:21:35,419 [INFO] FileExtend:240 - Unzip File : updaters.zip
2025-01-20 08:21:35,419 [INFO] FileExtend:255 - Standard Zip Deflate
2025-01-20 08:21:35,950 [INFO] ServerAccessManage:473 - Download File PacksControlFlags.xml
2025-01-20 08:21:36,093 [INFO] ServerAccessManage:473 - Download File cubemx.pidx
2025-01-20 08:21:36,166 [INFO] LoadServerUpdatesThread:375 - End of LoadServerUpdate Thread
2025-01-20 08:21:36,353 [INFO] CheckServerUpdateThread:120 - End of CheckServer Thread
2025-01-20 08:21:37,534 [WARN] PackLoader:240 - Cannot read IP mode file for STMicroelectronics.FP-SNS-MOTENVWB1.1.4.0
2025-01-20 08:21:37,548 [WARN] PackLoader:240 - Cannot read IP mode file for STMicroelectronics.FP-ATR-ASTRA1.2.0.1
2025-01-20 08:21:37,560 [WARN] PackLoader:240 - Cannot read IP mode file for STMicroelectronics.X-CUBE-SMBUS.2.1.0
2025-01-20 08:21:37,574 [WARN] PackLoader:240 - Cannot read IP mode file for STMicroelectronics.X-CUBE-WB05N.1.1.0
2025-01-20 08:21:37,607 [WARN] PackLoader:240 - Cannot read IP mode file for STMicroelectronics.X-CUBE-AZRTOS-F7.1.1.0
2025-01-20 08:21:37,623 [ERROR] RealEvaluatedCondition:428 - Found unsupported composite condition: CLASS='Data Exchange' GROUP='STM32_MetaDataManager'
2025-01-20 08:21:37,623 [ERROR] RealEvaluatedCondition:428 - Found unsupported composite condition: CLASS='Data Exchange' GROUP='STM32_MetaDataManager'
2025-01-20 08:21:37,624 [WARN] PackLoader:240 - Cannot read IP mode file for STMicroelectronics.FP-SNS-MOTENV1.4.3.0
2025-01-20 08:21:37,637 [WARN] PackLoader:240 - Cannot read IP mode file for STMicroelectronics.FP-SNS-MOTENV1.4.3.2
2025-01-20 08:21:37,648 [WARN] PackLoader:240 - Cannot read IP mode file for STMicroelectronics.FP-SNS-FLIGHT1.5.0.0
2025-01-20 08:21:37,660 [WARN] PackLoader:240 - Cannot read IP mode file for STMicroelectronics.X-CUBE-BLE1.6.2.3
2025-01-20 08:21:37,673 [WARN] PackLoader:240 - Cannot read IP mode file for STMicroelectronics.X-CUBE-BLE1.6.2.4
2025-01-20 08:21:37,684 [WARN] PackLoader:240 - Cannot read IP mode file for STMicroelectronics.FP-SNS-FLIGHT1.5.0.2
2025-01-20 08:21:37,697 [WARN] PackLoader:240 - Cannot read IP mode file for STMicroelectronics.X-CUBE-TOF1.3.1.0
2025-01-20 08:21:37,713 [WARN] PackLoader:240 - Cannot read IP mode file for STMicroelectronics.X-CUBE-DISPLAY.3.0.0
2025-01-20 08:21:37,727 [WARN] PackLoader:240 - Cannot read IP mode file for STMicroelectronics.X-CUBE-BLE1.7.0.0
2025-01-20 08:21:37,739 [WARN] PackLoader:240 - Cannot read IP mode file for STMicroelectronics.X-CUBE-NFC10.1.0.0
2025-01-20 08:21:37,754 [WARN] PackLoader:240 - Cannot read IP mode file for STMicroelectronics.X-CUBE-BLEMGR.4.0.0
2025-01-20 08:21:37,771 [WARN] PackLoader:240 - Cannot read IP mode file for STMicroelectronics.X-CUBE-TOUCHGFX.4.22.0
2025-01-20 08:21:37,782 [WARN] PackLoader:240 - Cannot read IP mode file for STMicroelectronics.X-CUBE-TOUCHGFX.4.22.1
2025-01-20 08:21:37,826 [WARN] PackLoader:240 - Cannot read IP mode file for STMicroelectronics.X-CUBE-MEMS1.9.3.0
2025-01-20 08:21:37,929 [WARN] PackLoader:240 - Cannot read IP mode file for STMicroelectronics.X-CUBE-AI.7.2.0
2025-01-20 08:21:37,950 [WARN] PackLoader:240 - Cannot read IP mode file for STMicroelectronics.FP-SNS-SMARTAG2.1.2.0
2025-01-20 08:21:38,026 [WARN] PackLoader:240 - Cannot read IP mode file for STMicroelectronics.X-CUBE-MEMS1.11.1.0
2025-01-20 08:21:38,153 [INFO] LogOutputStream:77 - [STDOUT_REDIRECT] 1 : Invalid condition id : UX_CORESTACK_Condition cause : null
2025-01-20 08:21:38,154 [INFO] LogOutputStream:77 - [STDOUT_REDIRECT] 1 : Invalid condition id : UX_CORESTACK_Condition cause : null
2025-01-20 08:21:38,155 [INFO] LogOutputStream:77 - [STDOUT_REDIRECT] 1 : Invalid condition id : UX_CORESTACK_Condition cause : null
2025-01-20 08:21:38,155 [INFO] LogOutputStream:77 - [STDOUT_REDIRECT] 1 : Invalid condition id : UX_CORESTACK_Condition cause : null
2025-01-20 08:21:38,156 [INFO] LogOutputStream:77 - [STDOUT_REDIRECT] 1 : Invalid condition id : UX_CORESTACK_Condition cause : null
2025-01-20 08:21:38,158 [WARN] PackLoader:240 - Cannot read IP mode file for STMicroelectronics.X-CUBE-AZRTOS-WL.2.0.0
2025-01-20 08:21:38,190 [WARN] PackLoader:240 - Cannot read IP mode file for STMicroelectronics.FP-SNS-MOTENV1.5.0.0
2025-01-20 08:21:38,213 [WARN] PackLoader:240 - Cannot read IP mode file for wolfSSL.I-CUBE-wolfMQTT.1.19.0
2025-01-20 08:21:38,238 [WARN] PackLoader:240 - Cannot read IP mode file for WES.I-CUBE-Cesium.1.3.0
2025-01-20 08:21:38,266 [WARN] PackLoader:240 - Cannot read IP mode file for STMicroelectronics.X-CUBE-BLE2.3.3.0
2025-01-20 08:21:38,293 [WARN] PackLoader:240 - Cannot read IP mode file for STMicroelectronics.X-CUBE-DISPLAY.2.2.0
2025-01-20 08:21:38,321 [WARN] PackLoader:240 - Cannot read IP mode file for STMicroelectronics.X-CUBE-TOF1.3.2.0
2025-01-20 08:21:38,348 [WARN] PackLoader:240 - Cannot read IP mode file for STMicroelectronics.X-CUBE-ISPU.1.0.0
2025-01-20 08:21:38,381 [WARN] PackLoader:240 - Cannot read IP mode file for STMicroelectronics.X-CUBE-NFC9.1.0.0
2025-01-20 08:21:38,416 [WARN] PackLoader:240 - Cannot read IP mode file for STMicroelectronics.X-CUBE-AZRTOS-H7.2.1.0
2025-01-20 08:21:38,440 [WARN] PackLoader:240 - Cannot read IP mode file for STMicroelectronics.X-CUBE-TOUCHGFX.4.21.1
2025-01-20 08:21:38,463 [WARN] PackLoader:240 - Cannot read IP mode file for STMicroelectronics.X-CUBE-TOUCHGFX.4.21.3
2025-01-20 08:21:38,529 [WARN] PackLoader:240 - Cannot read IP mode file for STMicroelectronics.X-CUBE-MEMS1.9.4.0
2025-01-20 08:21:38,627 [WARN] PackLoader:240 - Cannot read IP mode file for STMicroelectronics.X-CUBE-AI.7.3.0
2025-01-20 08:21:38,652 [WARN] PackLoader:240 - Cannot read IP mode file for STMicroelectronics.X-CUBE-ALGOBUILD.1.3.0
2025-01-20 08:21:38,691 [WARN] PackLoader:240 - Cannot read IP mode file for STMicroelectronics.X-CUBE-AZRTOS-G0.1.1.0
2025-01-20 08:21:38,722 [WARN] PackLoader:240 - Cannot read IP mode file for STMicroelectronics.X-CUBE-SAFEA1.1.2.2
2025-01-20 08:21:38,749 [WARN] PackLoader:240 - Cannot read IP mode file for STMicroelectronics.X-CUBE-NFC4.3.0.0
2025-01-20 08:21:38,797 [WARN] PackLoader:240 - Cannot read IP mode file for SEGGER.I-CUBE-embOS.1.2.1
2025-01-20 08:21:38,844 [WARN] PackLoader:240 - Cannot read IP mode file for EmbeddedOffice.I-CUBE-FS-RTOS.1.0.1
2025-01-20 08:21:38,844 [ERROR] ConditionMgr:805 - Attr not supported : Dmpu
2025-01-20 08:21:38,845 [ERROR] ConditionMgr:805 - Attr not supported : Dmpu
2025-01-20 08:21:38,845 [ERROR] ConditionMgr:805 - Attr not supported : Dmpu
2025-01-20 08:21:38,845 [ERROR] ConditionMgr:805 - Attr not supported : Dmpu
2025-01-20 08:21:38,845 [ERROR] ConditionMgr:805 - Attr not supported : Dmpu
2025-01-20 08:21:38,845 [ERROR] ConditionMgr:805 - Attr not supported : Dmpu
2025-01-20 08:21:38,845 [ERROR] ConditionMgr:805 - Attr not supported : Dmpu
2025-01-20 08:21:38,845 [ERROR] ConditionMgr:805 - Attr not supported : Dmpu
2025-01-20 08:21:38,845 [ERROR] ConditionMgr:805 - Attr not supported : Dmpu
2025-01-20 08:21:38,845 [ERROR] ConditionMgr:805 - Attr not supported : Dmpu
2025-01-20 08:21:38,845 [ERROR] ConditionMgr:805 - Attr not supported : Dmpu
2025-01-20 08:21:38,846 [ERROR] ConditionMgr:805 - Attr not supported : Dmpu
2025-01-20 08:21:38,846 [ERROR] ConditionMgr:805 - Attr not supported : Dmpu
2025-01-20 08:21:38,846 [ERROR] ConditionMgr:805 - Attr not supported : Dmpu
2025-01-20 08:21:38,846 [ERROR] ConditionMgr:805 - Attr not supported : Dmpu
2025-01-20 08:21:38,846 [ERROR] ConditionMgr:805 - Attr not supported : Dmpu
2025-01-20 08:21:38,846 [ERROR] ConditionMgr:805 - Attr not supported : Dmpu
2025-01-20 08:21:38,846 [ERROR] ConditionMgr:805 - Attr not supported : Dmpu
2025-01-20 08:21:38,846 [ERROR] ConditionMgr:805 - Attr not supported : Dmpu
2025-01-20 08:21:38,846 [ERROR] ConditionMgr:805 - Attr not supported : Dmpu
2025-01-20 08:21:38,846 [ERROR] ConditionMgr:805 - Attr not supported : Dmpu
2025-01-20 08:21:38,846 [ERROR] ConditionMgr:805 - Attr not supported : Dmpu
2025-01-20 08:21:38,846 [ERROR] ConditionMgr:805 - Attr not supported : Dmpu
2025-01-20 08:21:38,846 [ERROR] ConditionMgr:805 - Attr not supported : Dmpu
2025-01-20 08:21:38,846 [ERROR] ConditionMgr:805 - Attr not supported : Dmpu
2025-01-20 08:21:38,846 [ERROR] ConditionMgr:805 - Attr not supported : Dmpu
2025-01-20 08:21:38,846 [ERROR] ConditionMgr:805 - Attr not supported : Dmpu
2025-01-20 08:21:38,846 [ERROR] ConditionMgr:805 - Attr not supported : Dmpu
2025-01-20 08:21:38,846 [ERROR] ConditionMgr:805 - Attr not supported : Dmpu
2025-01-20 08:21:38,847 [ERROR] ConditionMgr:805 - Attr not supported : Dmpu
2025-01-20 08:21:38,847 [ERROR] ConditionMgr:805 - Attr not supported : Dmpu
2025-01-20 08:21:38,847 [ERROR] ConditionMgr:805 - Attr not supported : Dmpu
2025-01-20 08:21:38,847 [ERROR] ConditionMgr:805 - Attr not supported : Dmpu
2025-01-20 08:21:38,847 [ERROR] ConditionMgr:805 - Attr not supported : Dmpu
2025-01-20 08:21:38,847 [ERROR] ConditionMgr:805 - Attr not supported : Dmpu
2025-01-20 08:21:38,847 [ERROR] ConditionMgr:805 - Attr not supported : Dmpu
2025-01-20 08:21:38,847 [ERROR] ConditionMgr:805 - Attr not supported : Dmpu
2025-01-20 08:21:38,847 [ERROR] ConditionMgr:805 - Attr not supported : Dmpu
2025-01-20 08:21:38,847 [ERROR] ConditionMgr:805 - Attr not supported : Dmpu
2025-01-20 08:21:38,847 [ERROR] ConditionMgr:805 - Attr not supported : Dmpu
2025-01-20 08:21:38,847 [ERROR] ConditionMgr:805 - Attr not supported : Dmpu
2025-01-20 08:21:38,847 [ERROR] ConditionMgr:805 - Attr not supported : Dmpu
2025-01-20 08:21:38,847 [ERROR] ConditionMgr:805 - Attr not supported : Dmpu
2025-01-20 08:21:38,847 [ERROR] ConditionMgr:805 - Attr not supported : Dmpu
2025-01-20 08:21:38,847 [ERROR] ConditionMgr:805 - Attr not supported : Dmpu
2025-01-20 08:21:38,847 [ERROR] ConditionMgr:805 - Attr not supported : Dmpu
2025-01-20 08:21:38,847 [ERROR] ConditionMgr:805 - Attr not supported : Dmpu
2025-01-20 08:21:38,847 [ERROR] ConditionMgr:805 - Attr not supported : Dmpu
2025-01-20 08:21:38,847 [ERROR] ConditionMgr:805 - Attr not supported : Dmpu
2025-01-20 08:21:38,847 [ERROR] ConditionMgr:805 - Attr not supported : Dmpu
2025-01-20 08:21:38,847 [ERROR] ConditionMgr:805 - Attr not supported : Dmpu
2025-01-20 08:21:38,848 [ERROR] ConditionMgr:805 - Attr not supported : Dmpu
2025-01-20 08:21:38,848 [ERROR] ConditionMgr:805 - Attr not supported : Dmpu
2025-01-20 08:21:38,848 [ERROR] ConditionMgr:805 - Attr not supported : Dmpu
2025-01-20 08:21:38,848 [ERROR] ConditionMgr:805 - Attr not supported : Dmpu
2025-01-20 08:21:38,848 [ERROR] ConditionMgr:805 - Attr not supported : Dmpu
2025-01-20 08:21:38,848 [ERROR] ConditionMgr:805 - Attr not supported : Dmpu
2025-01-20 08:21:38,848 [ERROR] ConditionMgr:805 - Attr not supported : Dmpu
2025-01-20 08:21:38,848 [ERROR] ConditionMgr:805 - Attr not supported : Dmpu
2025-01-20 08:21:38,848 [ERROR] ConditionMgr:805 - Attr not supported : Dmpu
2025-01-20 08:21:38,848 [ERROR] ConditionMgr:805 - Attr not supported : Dmpu
2025-01-20 08:21:38,848 [ERROR] ConditionMgr:805 - Attr not supported : Dmpu
2025-01-20 08:21:38,848 [ERROR] ConditionMgr:805 - Attr not supported : Dmpu
2025-01-20 08:21:38,848 [ERROR] ConditionMgr:805 - Attr not supported : Dmpu
2025-01-20 08:21:38,873 [WARN] PackLoader:240 - Cannot read IP mode file for STMicroelectronics.X-CUBE-BLEMGR.3.0.0
2025-01-20 08:21:38,900 [WARN] PackLoader:240 - Cannot read IP mode file for STMicroelectronics.X-CUBE-BLEMGR.1.3.0
2025-01-20 08:21:38,926 [ERROR] Engine:466 - C:\Users\Korisnik\.stm32cubemx\thirdparties\pdsc\STMicroelectronics.X-CUBE-TCPP.4.2.0.pdsc: PDSC version is not supported
2025-01-20 08:21:38,958 [WARN] PackLoader:240 - Cannot read IP mode file for RealThread.X-CUBE-RT-Thread_Nano.4.1.1
2025-01-20 08:21:38,976 [WARN] PackLoader:240 - Cannot read IP mode file for STMicroelectronics.FP-ATR-SIGFOX1.3.2.0
2025-01-20 08:21:38,993 [WARN] ConditionMgr:438 - getConditionDescription Invalid condition id : Cortex-A Device cause : null
2025-01-20 08:21:39,014 [WARN] ConditionMgr:1039 - genDependencies : Invalid condition id : Cortex-A Device cause : null
2025-01-20 08:21:39,015 [WARN] ConditionMgr:1039 - genDependencies : Invalid condition id : Cortex-A Device cause : null
2025-01-20 08:21:39,015 [WARN] ConditionMgr:1039 - genDependencies : Invalid condition id : Cortex-A Device cause : null
2025-01-20 08:21:39,032 [WARN] PackLoader:240 - Cannot read IP mode file for STMicroelectronics.X-CUBE-EEPRMA1.5.1.0
2025-01-20 08:21:39,054 [WARN] PackLoader:240 - Cannot read IP mode file for emotas.I-CUBE-CANOPEN.1.1.2
2025-01-20 08:21:39,072 [WARN] PackLoader:240 - Cannot read IP mode file for STMicroelectronics.X-CUBE-TOUCHGFX.4.20.0
2025-01-20 08:21:39,122 [WARN] PackLoader:240 - Cannot read IP mode file for STMicroelectronics.X-CUBE-MEMS1.9.5.0
2025-01-20 08:21:39,239 [WARN] PackLoader:240 - Cannot read IP mode file for SEGGER.I-CUBE-embOS.1.3.1
2025-01-20 08:21:39,273 [WARN] PackLoader:240 - Cannot read IP mode file for STMicroelectronics.X-CUBE-ALGOBUILD.1.4.0
2025-01-20 08:21:39,298 [WARN] PackLoader:240 - Cannot read IP mode file for STMicroelectronics.X-CUBE-AI.9.1.0
2025-01-20 08:21:39,319 [WARN] PackLoader:240 - Cannot read IP mode file for STMicroelectronics.X-CUBE-GNSS1.6.0.0
2025-01-20 08:21:39,350 [WARN] PackLoader:240 - Cannot read IP mode file for STMicroelectronics.X-CUBE-AZRTOS-F4.1.1.0
2025-01-20 08:21:39,375 [WARN] PackLoader:240 - Cannot read IP mode file for STMicroelectronics.X-CUBE-ISPU.2.1.0
2025-01-20 08:21:39,392 [WARN] PackLoader:240 - Cannot read IP mode file for STMicroelectronics.X-CUBE-BLEMGR.1.2.0
2025-01-20 08:21:39,421 [WARN] PackLoader:240 - Cannot read IP mode file for STMicroelectronics.X-CUBE-AZRTOS-L5.2.0.0
2025-01-20 08:21:39,478 [WARN] PackLoader:240 - Cannot read IP mode file for STMicroelectronics.X-CUBE-MEMS1.9.6.0
2025-01-20 08:21:39,557 [WARN] PackLoader:240 - Cannot read IP mode file for STMicroelectronics.X-CUBE-EEPRMA1.4.2.0
2025-01-20 08:21:39,576 [WARN] PackLoader:240 - Cannot read IP mode file for STMicroelectronics.X-CUBE-NFC6.3.1.0
2025-01-20 08:21:39,593 [WARN] PackLoader:240 - Cannot read IP mode file for ITTIA_DB.I-CUBE-ITTIADB.8.8.0
2025-01-20 08:21:39,608 [WARN] PackLoader:240 - Cannot read IP mode file for STMicroelectronics.X-CUBE-BLEMGR.2.0.0
2025-01-20 08:21:39,620 [WARN] PackLoader:240 - Cannot read IP mode file for STMicroelectronics.X-CUBE-DPower.1.2.0
2025-01-20 08:21:39,634 [WARN] PackLoader:240 - Cannot read IP mode file for STMicroelectronics.X-CUBE-NFC4.2.0.5
2025-01-20 08:21:39,645 [WARN] PackLoader:240 - Cannot read IP mode file for STMicroelectronics.X-CUBE-NFC4.2.0.4
2025-01-20 08:21:39,662 [WARN] ConditionMgr:438 - getConditionDescription Invalid condition id : UX DEVICE CLASS RTOS Condition cause : null
2025-01-20 08:21:39,662 [WARN] ConditionMgr:438 - getConditionDescription Invalid condition id : UX DEVICE CLASS RTOS Condition cause : null
2025-01-20 08:21:39,663 [WARN] PackLoader:240 - Cannot read IP mode file for STMicroelectronics.X-CUBE-AZRTOS-H7.3.1.0
2025-01-20 08:21:39,663 [WARN] ConditionMgr:1039 - genDependencies : Invalid condition id : UX DEVICE CLASS RTOS Condition cause : null
2025-01-20 08:21:39,663 [WARN] ConditionMgr:1039 - genDependencies : Invalid condition id : UX DEVICE CLASS RTOS Condition cause : null
2025-01-20 08:21:39,664 [WARN] ConditionMgr:1039 - genDependencies : Invalid condition id : UX DEVICE CLASS RTOS Condition cause : null
2025-01-20 08:21:39,664 [WARN] ConditionMgr:1039 - genDependencies : Invalid condition id : UX DEVICE CLASS RTOS Condition cause : null
2025-01-20 08:21:39,664 [WARN] ConditionMgr:1039 - genDependencies : Invalid condition id : UX DEVICE CLASS RTOS Condition cause : null
2025-01-20 08:21:39,673 [WARN] PackLoader:240 - Cannot read IP mode file for wolfSSL.I-CUBE-wolfSSL.5.5.1
2025-01-20 08:21:39,683 [WARN] PackLoader:240 - Cannot read IP mode file for STMicroelectronics.X-CUBE-FREERTOS.1.3.0
2025-01-20 08:21:39,694 [WARN] PackLoader:240 - Cannot read IP mode file for STMicroelectronics.X-CUBE-NFC7.1.0.1
2025-01-20 08:21:39,704 [WARN] PackLoader:240 - Cannot read IP mode file for STMicroelectronics.X-CUBE-NFC7.1.0.0
2025-01-20 08:21:39,715 [WARN] PackLoader:240 - Cannot read IP mode file for STMicroelectronics.X-CUBE-NFC6.3.0.0
2025-01-20 08:21:39,725 [WARN] PackLoader:240 - Cannot read IP mode file for STMicroelectronics.X-CUBE-EEPRMA1.4.1.0
2025-01-20 08:21:39,735 [WARN] PackLoader:240 - Cannot read IP mode file for STMicroelectronics.X-CUBE-AI.8.1.0
2025-01-20 08:21:39,752 [WARN] ConditionMgr:438 - getConditionDescription Invalid condition id : LAN8742 Phy interface Condition cause : null
2025-01-20 08:21:39,752 [WARN] PackLoader:240 - Cannot read IP mode file for STMicroelectronics.X-CUBE-AZRTOS-L4.2.0.0
2025-01-20 08:21:39,752 [WARN] ConditionMgr:1039 - genDependencies : Invalid condition id : LAN8742 Phy interface Condition cause : null
2025-01-20 08:21:39,752 [WARN] ConditionMgr:1039 - genDependencies : Invalid condition id : LAN8742 Phy interface Condition cause : null
2025-01-20 08:21:39,753 [WARN] ConditionMgr:1039 - genDependencies : Invalid condition id : LAN8742 Phy interface Condition cause : null
2025-01-20 08:21:39,767 [WARN] PackLoader:240 - Cannot read IP mode file for STMicroelectronics.X-CUBE-SFXS2LP1.4.0.0
2025-01-20 08:21:39,793 [WARN] PackLoader:240 - Cannot read IP mode file for STMicroelectronics.X-CUBE-AZRTOS-H7.3.0.0
2025-01-20 08:21:39,804 [WARN] PackLoader:240 - Cannot read IP mode file for STMicroelectronics.X-CUBE-ISPU.1.1.0
2025-01-20 08:21:39,826 [WARN] PackLoader:240 - Cannot read IP mode file for STMicroelectronics.X-CUBE-AZRTOS-H7.3.3.0
2025-01-20 08:21:39,839 [WARN] PackLoader:240 - Cannot read IP mode file for RoweBots.I-CUBE-UNISONRTOS.5.5.0-4
2025-01-20 08:21:39,849 [WARN] PackLoader:240 - Cannot read IP mode file for STMicroelectronics.X-CUBE-AI.8.0.0
2025-01-20 08:21:39,865 [WARN] ConditionMgr:438 - getConditionDescription Invalid condition id : UX DEVICE CLASS RTOS Condition cause : null
2025-01-20 08:21:39,865 [WARN] ConditionMgr:438 - getConditionDescription Invalid condition id : UX DEVICE CLASS RTOS Condition cause : null
2025-01-20 08:21:39,866 [WARN] PackLoader:240 - Cannot read IP mode file for STMicroelectronics.X-CUBE-AZRTOS-WB.2.0.0
2025-01-20 08:21:39,866 [WARN] ConditionMgr:1039 - genDependencies : Invalid condition id : UX DEVICE CLASS RTOS Condition cause : null
2025-01-20 08:21:39,866 [WARN] ConditionMgr:1039 - genDependencies : Invalid condition id : UX DEVICE CLASS RTOS Condition cause : null
2025-01-20 08:21:39,866 [WARN] ConditionMgr:1039 - genDependencies : Invalid condition id : UX DEVICE CLASS RTOS Condition cause : null
2025-01-20 08:21:39,867 [WARN] ConditionMgr:1039 - genDependencies : Invalid condition id : UX DEVICE CLASS RTOS Condition cause : null
2025-01-20 08:21:39,867 [WARN] ConditionMgr:1039 - genDependencies : Invalid condition id : UX DEVICE CLASS RTOS Condition cause : null
2025-01-20 08:21:39,876 [WARN] PackLoader:240 - Cannot read IP mode file for STMicroelectronics.X-CUBE-FREERTOS.1.0.0
2025-01-20 08:21:39,886 [WARN] PackLoader:240 - Cannot read IP mode file for STMicroelectronics.X-CUBE-FREERTOS.1.0.1
2025-01-20 08:21:39,896 [WARN] PackLoader:240 - Cannot read IP mode file for STMicroelectronics.X-CUBE-GNSS1.7.0.1
2025-01-20 08:21:39,907 [WARN] PackLoader:240 - Cannot read IP mode file for STMicroelectronics.FP-SNS-STBOX1.2.0.0
2025-01-20 08:21:39,924 [WARN] PackLoader:240 - Cannot read IP mode file for STMicroelectronics.X-CUBE-AZRTOS-L5.1.1.0
2025-01-20 08:21:39,935 [WARN] PackLoader:240 - Cannot read IP mode file for STMicroelectronics.X-CUBE-AI.8.0.1
2025-01-20 08:21:39,948 [WARN] PackLoader:240 - Cannot read IP mode file for STMicroelectronics.X-CUBE-SUBG2.5.0.0
2025-01-20 08:21:39,961 [WARN] PackLoader:240 - Cannot read IP mode file for Cesanta.I-CUBE-Mongoose.7.13.0
2025-01-20 08:21:39,973 [WARN] PackLoader:240 - Cannot read IP mode file for STMicroelectronics.X-CUBE-TOF1.3.3.1
2025-01-20 08:21:39,994 [WARN] PackLoader:240 - Cannot read IP mode file for STMicroelectronics.X-CUBE-AZRTOS-G4.2.0.0
2025-01-20 08:21:40,009 [WARN] PackLoader:240 - Cannot read IP mode file for STMicroelectronics.X-CUBE-TOF1.3.3.0
2025-01-20 08:21:40,022 [WARN] PackLoader:240 - Cannot read IP mode file for STMicroelectronics.FP-ATR-ASTRA1.1.1.1
2025-01-20 08:21:40,043 [WARN] PackLoader:240 - Cannot read IP mode file for Infineon.AIROC-Wi-Fi-Bluetooth-STM32.1.5.1
2025-01-20 08:21:40,057 [WARN] PackLoader:240 - Cannot read IP mode file for STMicroelectronics.FP-SNS-MOTENVWB1.1.3.0
2025-01-20 08:21:40,068 [WARN] PackLoader:240 - Cannot read IP mode file for STMicroelectronics.FP-SNS-MOTENVWB1.1.3.1
2025-01-20 08:21:40,085 [WARN] PackLoader:240 - Cannot read IP mode file for STMicroelectronics.X-CUBE-AZRTOS-G4.1.0.0
2025-01-20 08:21:40,107 [WARN] PackLoader:240 - Cannot read IP mode file for STMicroelectronics.X-CUBE-AZRTOS-L4.1.0.0
2025-01-20 08:21:40,119 [WARN] PackLoader:240 - Cannot read IP mode file for STMicroelectronics.X-CUBE-ISPU.2.0.0
2025-01-20 08:21:40,133 [ERROR] Engine:466 - C:\Users\Korisnik\.stm32cubemx\thirdparties\pdsc\STMicroelectronics.X-CUBE-IPS.3.1.0.pdsc: PDSC version is not supported
2025-01-20 08:21:40,145 [WARN] PackLoader:240 - Cannot read IP mode file for STMicroelectronics.X-CUBE-ALS.1.0.2
2025-01-20 08:21:40,178 [WARN] PackLoader:240 - Cannot read IP mode file for STMicroelectronics.X-CUBE-MEMS1.10.0.0
2025-01-20 08:21:40,236 [WARN] PackLoader:240 - Cannot read IP mode file for STMicroelectronics.X-CUBE-FREERTOS.1.1.0
2025-01-20 08:21:40,246 [WARN] PackLoader:240 - Cannot read IP mode file for STMicroelectronics.X-CUBE-TOUCHGFX.4.24.2
2025-01-20 08:21:40,259 [WARN] PackLoader:240 - Cannot read IP mode file for STMicroelectronics.X-CUBE-AZRTOS-WL.1.0.0
2025-01-20 08:21:40,270 [WARN] PackLoader:240 - Cannot read IP mode file for wolfSSL.I-CUBE-wolfTPM.3.4.0
2025-01-20 08:21:40,281 [WARN] PackLoader:240 - Cannot read IP mode file for portGmbH.I-Cube-SoM-uGOAL.1.1.0
2025-01-20 08:21:40,290 [WARN] PackLoader:240 - Cannot read IP mode file for STMicroelectronics.X-CUBE-ALS.1.0.1
2025-01-20 08:21:40,305 [WARN] PackLoader:240 - Cannot read IP mode file for STMicroelectronics.X-CUBE-AZRTOS-WB.1.1.0
2025-01-20 08:21:40,321 [WARN] PackLoader:240 - Cannot read IP mode file for STMicroelectronics.X-CUBE-AZRTOS-L5.1.0.0
2025-01-20 08:21:40,332 [WARN] PackLoader:240 - Cannot read IP mode file for STMicroelectronics.X-CUBE-EEPRMA1.3.1.1
2025-01-20 08:21:40,349 [WARN] PackLoader:240 - Cannot read IP mode file for STMicroelectronics.X-CUBE-AZRTOS-H7RS.1.0.0
2025-01-20 08:21:40,358 [WARN] PackLoader:240 - Cannot read IP mode file for STMicroelectronics.FP-ATR-ASTRA1.2.0.0
2025-01-20 08:21:40,371 [WARN] PackLoader:240 - Cannot read IP mode file for STMicroelectronics.X-CUBE-TOF1.3.4.2
2025-01-20 08:21:40,387 [WARN] PackLoader:240 - Cannot read IP mode file for STMicroelectronics.X-CUBE-TOF1.3.4.0
2025-01-20 08:21:40,408 [WARN] PackLoader:240 - Cannot read IP mode file for STMicroelectronics.X-CUBE-AZRTOS-H7.3.2.0
2025-01-20 08:21:40,418 [WARN] PackLoader:240 - Cannot read IP mode file for wolfSSL.I-CUBE-wolfSSH.1.4.17
2025-01-20 08:21:40,418 [INFO] ThirdParty:978 - Integrity check success = true
2025-01-20 08:21:40,418 [INFO] IntegrityCheckThread:100 - exiting critical section [integrity check]
2025-01-20 08:21:40,418 [INFO] IntegrityCheckThread:103 - End integrity checks thread
2025-01-20 08:21:41,242 [INFO] WebApp:167 - Instantiating new browser for Auth
2025-01-20 08:21:41,775 [INFO] WebApp:448 - Apply proxy settings
2025-01-20 08:21:41,775 [INFO] WebApp:533 - Chromium requires no authentication
2025-01-20 08:21:41,785 [INFO] WebApp:476 - Direct internet connection detected
2025-01-20 08:21:41,809 [INFO] WebApp:869 - Register for checkConnection events
2025-01-20 08:21:41,809 [INFO] WebApp:448 - Apply proxy settings
2025-01-20 08:21:41,809 [INFO] WebApp:533 - Chromium requires no authentication
2025-01-20 08:21:41,809 [INFO] WebApp:476 - Direct internet connection detected
2025-01-20 08:21:41,938 [INFO] WebApp:220 - Starting web application
2025-01-20 08:21:41,938 [INFO] WebApp:578 - Web application path used C:\ST\STM32CubeIDE_1.16.0\STM32CubeIDE\plugins\com.st.stm32cube.common.mx_6.12.0.202406281431\db\plugins\mcufinder\reactClient1\index.html
2025-01-20 08:21:42,043 [INFO] WebApp:186 - Connection restablished
2025-01-20 08:21:42,075 [INFO] UserAuth:417 - Internet connection configuration mode: 1
2025-01-20 08:49:41,136 [INFO] WebApp:189 - Connection lost
2025-01-20 08:49:41,295 [INFO] WebApp:186 - Connection restablished
2025-01-20 08:49:43,512 [INFO] WebApp:189 - Connection lost
2025-01-20 08:49:43,651 [INFO] WebApp:186 - Connection restablished
2025-01-20 09:48:04,010 [INFO] WebApp:189 - Connection lost
2025-01-20 09:48:04,189 [INFO] WebApp:186 - Connection restablished
2025-01-20 09:48:10,504 [INFO] WebApp:189 - Connection lost
2025-01-20 09:48:10,649 [INFO] WebApp:186 - Connection restablished
2025-01-20 10:30:35,851 [INFO] WebApp:189 - Connection lost
2025-01-20 10:30:38,361 [INFO] WebApp:186 - Connection restablished
2025-01-20 10:30:40,519 [INFO] WebApp:189 - Connection lost
2025-01-20 10:30:40,642 [INFO] WebApp:186 - Connection restablished
2025-01-20 10:30:43,647 [INFO] WebApp:189 - Connection lost
2025-01-20 10:30:43,774 [INFO] WebApp:186 - Connection restablished
2025-01-20 10:38:04,652 [ERROR] LogOutputStream:75 - [STDERR_REDIRECT] 
