2025-01-16 20:14:47,179 [INFO] Activator:176 - 


2025-01-16 20:14:47,180 [INFO] Activator:177 - !SESSION log4j initialized
2025-01-16 20:14:48,982 [INFO] LogOutputStream:77 - [STDOUT_REDIRECT] 
2025-01-16 20:15:31,529 [INFO] Activator:176 - 


2025-01-16 20:15:31,530 [INFO] Activator:177 - !SESSION log4j initialized
2025-01-16 20:15:33,635 [INFO] LogOutputStream:77 - [STDOUT_REDIRECT] 
2025-01-18 14:32:34,479 [INFO] Activator:176 - 


2025-01-18 14:32:34,481 [INFO] Activator:177 - !SESSION log4j initialized
2025-01-18 14:32:37,911 [INFO] LogOutputStream:77 - [STDOUT_REDIRECT] 
2025-01-18 14:32:38,987 [INFO] ApplicationProperties:184 - Using Application install path: C:\ST\STM32CubeIDE_1.16.0\STM32CubeIDE\plugins\com.st.stm32cube.common.mx_6.12.0.202406281431
2025-01-18 14:32:38,999 [INFO] DbMcusXml:78 - Set database path to: C:\ST\STM32CubeIDE_1.16.0\STM32CubeIDE\plugins\com.st.stm32cube.common.mx_6.12.0.202406281431\\db\/mcu/
2025-01-18 14:32:38,999 [INFO] ApiDb:274 - Set plugin database path to: C:\ST\STM32CubeIDE_1.16.0\STM32CubeIDE\plugins\com.st.stm32cube.common.mx_6.12.0.202406281431\\db\/plugins/boardmanager/
2025-01-18 14:32:39,000 [WARN] ApiDb:259 - Overriding images path with different value:  => C:\ST\STM32CubeIDE_1.16.0\STM32CubeIDE\plugins\com.st.stm32cube.common.mx_6.12.0.202406281431\\db\/plugins/mcufinder/images/
2025-01-18 14:32:39,003 [INFO] ApiDb:250 - Set database path to: C:\Users\Korisnik\.stmcufinder\plugins\mcufinder//mcu/
2025-01-18 14:32:39,004 [INFO] DbMcusAds:125 - Set database path to: C:\Users\Korisnik\.stmcufinder\plugins\mcufinder//mcu/
2025-01-18 14:32:39,005 [INFO] CrossReferenceDbSqlite:203 - Set database path to: C:\Users\Korisnik\.stmcufinder\plugins\mcufinder//mcu/cs/
2025-01-18 14:32:39,074 [INFO] RulesReader:64 - Compatibility file has been processed (297 Rules)
2025-01-18 14:32:39,120 [INFO] DbMcusXml:78 - Set database path to: C:\ST\STM32CubeIDE_1.16.0\STM32CubeIDE\plugins\com.st.stm32cube.common.mx_6.12.0.202406281431\\db\/mcu/
2025-01-18 14:32:39,120 [INFO] ApiDb:274 - Set plugin database path to: C:\ST\STM32CubeIDE_1.16.0\STM32CubeIDE\plugins\com.st.stm32cube.common.mx_6.12.0.202406281431\\db\/plugins/boardmanager/
2025-01-18 14:32:39,120 [INFO] ApiDb:261 - Set plugin images path to: C:\ST\STM32CubeIDE_1.16.0\STM32CubeIDE\plugins\com.st.stm32cube.common.mx_6.12.0.202406281431\\db\/plugins/mcufinder/images/
2025-01-18 14:32:39,120 [WARN] DbFile:41 - Overriding database path with different value: C:\Users\Korisnik\.stmcufinder\plugins\mcufinder/ => C:\Users\Korisnik\.stmcufinder\plugins\mcufinder
2025-01-18 14:32:39,120 [INFO] ApiDb:250 - Set database path to: C:\Users\Korisnik\.stmcufinder\plugins\mcufinder//mcu/
2025-01-18 14:32:39,121 [WARN] DbFile:41 - Overriding database path with different value: C:\Users\Korisnik\.stmcufinder\plugins\mcufinder/ => C:\Users\Korisnik\.stmcufinder\plugins\mcufinder
2025-01-18 14:32:39,121 [INFO] DbMcusAds:125 - Set database path to: C:\Users\Korisnik\.stmcufinder\plugins\mcufinder//mcu/
2025-01-18 14:32:39,121 [WARN] DbFile:41 - Overriding database path with different value: C:\Users\Korisnik\.stmcufinder\plugins\mcufinder/ => C:\Users\Korisnik\.stmcufinder\plugins\mcufinder
2025-01-18 14:32:39,121 [WARN] DbFile:41 - Overriding database path with different value: C:\Users\Korisnik\.stmcufinder\plugins\mcufinder/ => C:\Users\Korisnik\.stmcufinder\plugins\mcufinder
2025-01-18 14:32:39,121 [INFO] CrossReferenceDbSqlite:203 - Set database path to: C:\Users\Korisnik\.stmcufinder\plugins\mcufinder//mcu/cs/
2025-01-18 14:32:39,166 [INFO] MainPanel:268 - HeapMemory: 268435456
2025-01-18 14:32:39,215 [INFO] DbMcusXml:78 - Set database path to: C:\ST\STM32CubeIDE_1.16.0\STM32CubeIDE\plugins\com.st.stm32cube.common.mx_6.12.0.202406281431\\db\/mcu/
2025-01-18 14:32:39,215 [INFO] ApiDb:274 - Set plugin database path to: C:\ST\STM32CubeIDE_1.16.0\STM32CubeIDE\plugins\com.st.stm32cube.common.mx_6.12.0.202406281431\\db\/plugins/boardmanager/
2025-01-18 14:32:39,215 [INFO] ApiDb:261 - Set plugin images path to: C:\ST\STM32CubeIDE_1.16.0\STM32CubeIDE\plugins\com.st.stm32cube.common.mx_6.12.0.202406281431\\db\/plugins/mcufinder/images/
2025-01-18 14:32:39,215 [WARN] DbFile:41 - Overriding database path with different value: C:\Users\Korisnik\.stmcufinder\plugins\mcufinder/ => C:\Users\Korisnik\.stmcufinder\plugins\mcufinder
2025-01-18 14:32:39,215 [INFO] ApiDb:250 - Set database path to: C:\Users\Korisnik\.stmcufinder\plugins\mcufinder//mcu/
2025-01-18 14:32:39,216 [WARN] DbFile:41 - Overriding database path with different value: C:\Users\Korisnik\.stmcufinder\plugins\mcufinder/ => C:\Users\Korisnik\.stmcufinder\plugins\mcufinder
2025-01-18 14:32:39,216 [INFO] DbMcusAds:125 - Set database path to: C:\Users\Korisnik\.stmcufinder\plugins\mcufinder//mcu/
2025-01-18 14:32:39,216 [WARN] DbFile:41 - Overriding database path with different value: C:\Users\Korisnik\.stmcufinder\plugins\mcufinder/ => C:\Users\Korisnik\.stmcufinder\plugins\mcufinder
2025-01-18 14:32:39,216 [WARN] DbFile:41 - Overriding database path with different value: C:\Users\Korisnik\.stmcufinder\plugins\mcufinder/ => C:\Users\Korisnik\.stmcufinder\plugins\mcufinder
2025-01-18 14:32:39,216 [INFO] CrossReferenceDbSqlite:203 - Set database path to: C:\Users\Korisnik\.stmcufinder\plugins\mcufinder//mcu/cs/
2025-01-18 14:32:39,226 [INFO] ApplicationProperties:184 - Using Application install path: C:\ST\STM32CubeIDE_1.16.0\STM32CubeIDE\plugins\com.st.stm32cube.common.mx_6.12.0.202406281431
2025-01-18 14:32:39,227 [INFO] PluginManage:196 - Search for loadable plugins [exclusion list=, ]
2025-01-18 14:32:39,228 [INFO] PluginManage:310 - Check plugin analytics
2025-01-18 14:32:39,320 [INFO] AnalyticsPlugin:253 - Accepted Software Licenses: 
2025-01-18 14:32:39,320 [INFO] AnalyticsPlugin:255 - Accepted CMSIS Pack Licenses: 
2025-01-18 14:32:39,320 [INFO] AnalyticsPlugin:257 - Accepted Firmware Licenses: FW.F4.1.27.0,FW.G4.1.5.0,FW.G4.1.6.0
2025-01-18 14:32:39,322 [INFO] PluginManage:359 - Loaded plugin analytics (category:tool,tabindex:-1)
2025-01-18 14:32:39,322 [INFO] PluginManage:310 - Check plugin cadmodel
2025-01-18 14:32:39,325 [INFO] CADModel:105 - Init CAD model plugin
2025-01-18 14:32:39,325 [INFO] PluginManage:359 - Loaded plugin cadmodel (category:power,tabindex:5)
2025-01-18 14:32:39,325 [INFO] PluginManage:310 - Check plugin clock
2025-01-18 14:32:39,331 [INFO] PluginManage:359 - Loaded plugin clock (category:base,tabindex:2)
2025-01-18 14:32:39,331 [INFO] PluginManage:310 - Check plugin ddr
2025-01-18 14:32:39,332 [INFO] PluginManage:359 - Loaded plugin ddr (category:tool,tabindex:6)
2025-01-18 14:32:39,332 [INFO] PluginManage:310 - Check plugin filemanager
2025-01-18 14:32:39,420 [INFO] PluginManage:359 - Loaded plugin filemanager (category:base,tabindex:10)
2025-01-18 14:32:39,421 [INFO] PluginManage:310 - Check plugin ipmanager
2025-01-18 14:32:39,426 [INFO] PluginManage:359 - Loaded plugin ipmanager (category:base,tabindex:5)
2025-01-18 14:32:39,426 [INFO] PluginManage:310 - Check plugin lpbam
2025-01-18 14:32:39,432 [INFO] PluginManage:359 - Loaded plugin lpbam (category:base,tabindex:0)
2025-01-18 14:32:39,433 [INFO] PluginManage:310 - Check plugin memorymap
2025-01-18 14:32:39,446 [INFO] PluginManage:359 - Loaded plugin memorymap (category:base,tabindex:4)
2025-01-18 14:32:39,446 [INFO] PluginManage:310 - Check plugin pinoutandconfiguration
2025-01-18 14:32:39,452 [INFO] PluginManage:359 - Loaded plugin pinoutandconfiguration (category:base,tabindex:1)
2025-01-18 14:32:39,452 [INFO] PluginManage:310 - Check plugin pinoutconfig
2025-01-18 14:32:39,506 [WARN] SupportedApi:132 - Cannot load RTOS API schema: s4s-elt-must-match.1: The content of 'definitions' must match (annotation?, (simpleType | complexType)?, (unique | key | keyref)*)). A problem was found starting at: attribute.
2025-01-18 14:32:39,608 [INFO] PluginManage:359 - Loaded plugin pinoutconfig (category:base,tabindex:0)
2025-01-18 14:32:39,609 [INFO] PluginManage:310 - Check plugin power
2025-01-18 14:32:39,615 [INFO] PluginManage:359 - Loaded plugin power (category:power,tabindex:4)
2025-01-18 14:32:39,615 [INFO] PluginManage:310 - Check plugin projectmanager
2025-01-18 14:32:39,626 [INFO] PluginManage:359 - Loaded plugin projectmanager (category:projectmanager,tabindex:4)
2025-01-18 14:32:39,626 [INFO] PluginManage:310 - Check plugin rif
2025-01-18 14:32:39,630 [INFO] PluginManage:359 - Loaded plugin rif (category:base,tabindex:3)
2025-01-18 14:32:39,630 [INFO] PluginManage:310 - Check plugin thirdparty
2025-01-18 14:32:39,737 [INFO] PluginManage:359 - Loaded plugin thirdparty (category:base,tabindex:-1)
2025-01-18 14:32:39,737 [WARN] IntegrityCheckThread:84 - waiting for thirdparty lock release [integrity check]
2025-01-18 14:32:39,738 [INFO] PluginManage:310 - Check plugin tools
2025-01-18 14:32:39,738 [INFO] IntegrityCheckThread:86 - entering critical section [integrity check]
2025-01-18 14:32:39,738 [INFO] ThirdPartyUpdaterWithRetryManager:70 - Updater plugin not ready yet. [1/15]
2025-01-18 14:32:39,740 [INFO] PluginManage:359 - Loaded plugin tools (category:base,tabindex:7)
2025-01-18 14:32:39,740 [INFO] PluginManage:310 - Check plugin tutovideos
2025-01-18 14:32:39,841 [INFO] PluginManage:359 - Loaded plugin tutovideos (category:base,tabindex:-1)
2025-01-18 14:32:39,841 [INFO] PluginManage:310 - Check plugin updater
2025-01-18 14:32:39,851 [INFO] PluginManage:359 - Loaded plugin updater (category:base,tabindex:12)
2025-01-18 14:32:39,851 [INFO] PluginManage:310 - Check plugin userauth
2025-01-18 14:32:39,854 [INFO] UserAuth:113 - Init User Auth plugin
2025-01-18 14:32:39,854 [INFO] PluginManage:359 - Loaded plugin userauth (category:base,tabindex:14)
2025-01-18 14:32:39,854 [INFO] PluginManage:283 - PluginManage : Loaded plugins [18]
2025-01-18 14:32:39,973 [INFO] PinOutPanel:1561 - setPackage(No Configuration,No Configuration)
2025-01-18 14:32:40,020 [INFO] CADModel:165 - CPN selected for project level
2025-01-18 14:32:40,020 [INFO] CADModel:114 - Register for checkConnection events
2025-01-18 14:32:40,028 [INFO] IPUIPlugin:80 - create IPUIPlugin
2025-01-18 14:32:40,028 [INFO] PluginManager:220 - loadIPPluginJar : add adc
2025-01-18 14:32:40,029 [INFO] IPUIPlugin:80 - create IPUIPlugin
2025-01-18 14:32:40,029 [INFO] PluginManager:220 - loadIPPluginJar : add aes
2025-01-18 14:32:40,030 [INFO] IPUIPlugin:80 - create IPUIPlugin
2025-01-18 14:32:40,030 [INFO] PluginManager:220 - loadIPPluginJar : add can
2025-01-18 14:32:40,031 [INFO] IPUIPlugin:80 - create IPUIPlugin
2025-01-18 14:32:40,031 [INFO] PluginManager:220 - loadIPPluginJar : add comp
2025-01-18 14:32:40,032 [INFO] IPUIPlugin:80 - create IPUIPlugin
2025-01-18 14:32:40,032 [INFO] PluginManager:220 - loadIPPluginJar : add cryp
2025-01-18 14:32:40,033 [INFO] IPUIPlugin:80 - create IPUIPlugin
2025-01-18 14:32:40,034 [INFO] PluginManager:220 - loadIPPluginJar : add ddr_ctrl_phy
2025-01-18 14:32:40,034 [INFO] IPUIPlugin:80 - create IPUIPlugin
2025-01-18 14:32:40,035 [INFO] PluginManager:220 - loadIPPluginJar : add dfsdm
2025-01-18 14:32:40,037 [INFO] IPUIPlugin:80 - create IPUIPlugin
2025-01-18 14:32:40,037 [INFO] PluginManager:220 - loadIPPluginJar : add dma
2025-01-18 14:32:40,038 [INFO] IPUIPlugin:80 - create IPUIPlugin
2025-01-18 14:32:40,038 [INFO] PluginManager:220 - loadIPPluginJar : add dma3
2025-01-18 14:32:40,039 [INFO] IPUIPlugin:80 - create IPUIPlugin
2025-01-18 14:32:40,040 [INFO] PluginManager:220 - loadIPPluginJar : add extmemmanager
2025-01-18 14:32:40,040 [INFO] IPUIPlugin:80 - create IPUIPlugin
2025-01-18 14:32:40,040 [INFO] PluginManager:220 - loadIPPluginJar : add fatfs
2025-01-18 14:32:40,042 [INFO] IPUIPlugin:80 - create IPUIPlugin
2025-01-18 14:32:40,042 [INFO] PluginManager:220 - loadIPPluginJar : add fmc
2025-01-18 14:32:40,046 [INFO] IPUIPlugin:80 - create IPUIPlugin
2025-01-18 14:32:40,046 [INFO] PluginManager:220 - loadIPPluginJar : add freertos
2025-01-18 14:32:40,047 [INFO] IPUIPlugin:80 - create IPUIPlugin
2025-01-18 14:32:40,047 [INFO] PluginManager:220 - loadIPPluginJar : add genericplugin
2025-01-18 14:32:40,048 [INFO] IPUIPlugin:80 - create IPUIPlugin
2025-01-18 14:32:40,048 [INFO] PluginManager:220 - loadIPPluginJar : add gfxmmu
2025-01-18 14:32:40,050 [INFO] IPUIPlugin:80 - create IPUIPlugin
2025-01-18 14:32:40,050 [INFO] PluginManager:220 - loadIPPluginJar : add gic
2025-01-18 14:32:40,052 [INFO] IPUIPlugin:80 - create IPUIPlugin
2025-01-18 14:32:40,052 [INFO] PluginManager:220 - loadIPPluginJar : add gpio
2025-01-18 14:32:40,053 [INFO] IPUIPlugin:80 - create IPUIPlugin
2025-01-18 14:32:40,053 [INFO] PluginManager:220 - loadIPPluginJar : add gtzc
2025-01-18 14:32:40,054 [INFO] IPUIPlugin:80 - create IPUIPlugin
2025-01-18 14:32:40,054 [INFO] PluginManager:220 - loadIPPluginJar : add hash
2025-01-18 14:32:40,055 [INFO] IPUIPlugin:80 - create IPUIPlugin
2025-01-18 14:32:40,055 [INFO] PluginManager:220 - loadIPPluginJar : add i2c
2025-01-18 14:32:40,056 [INFO] IPUIPlugin:80 - create IPUIPlugin
2025-01-18 14:32:40,057 [INFO] PluginManager:220 - loadIPPluginJar : add i2s
2025-01-18 14:32:40,058 [INFO] IPUIPlugin:80 - create IPUIPlugin
2025-01-18 14:32:40,058 [INFO] PluginManager:220 - loadIPPluginJar : add i3c
2025-01-18 14:32:40,059 [INFO] IPUIPlugin:80 - create IPUIPlugin
2025-01-18 14:32:40,059 [INFO] PluginManager:220 - loadIPPluginJar : add ipddr
2025-01-18 14:32:40,064 [INFO] IPUIPlugin:80 - create IPUIPlugin
2025-01-18 14:32:40,064 [INFO] PluginManager:220 - loadIPPluginJar : add linkedlist
2025-01-18 14:32:40,067 [INFO] IPUIPlugin:80 - create IPUIPlugin
2025-01-18 14:32:40,067 [INFO] PluginManager:220 - loadIPPluginJar : add lorawan
2025-01-18 14:32:40,068 [INFO] IPUIPlugin:80 - create IPUIPlugin
2025-01-18 14:32:40,068 [INFO] PluginManager:220 - loadIPPluginJar : add ltdc
2025-01-18 14:32:40,071 [INFO] IPUIPlugin:80 - create IPUIPlugin
2025-01-18 14:32:40,071 [INFO] PluginManager:220 - loadIPPluginJar : add mdma
2025-01-18 14:32:40,072 [INFO] IPUIPlugin:80 - create IPUIPlugin
2025-01-18 14:32:40,073 [INFO] PluginManager:220 - loadIPPluginJar : add nvic
2025-01-18 14:32:40,074 [INFO] IPUIPlugin:80 - create IPUIPlugin
2025-01-18 14:32:40,074 [INFO] PluginManager:220 - loadIPPluginJar : add opamp
2025-01-18 14:32:40,075 [INFO] IPUIPlugin:80 - create IPUIPlugin
2025-01-18 14:32:40,075 [INFO] PluginManager:220 - loadIPPluginJar : add openamp
2025-01-18 14:32:40,077 [INFO] IPUIPlugin:80 - create IPUIPlugin
2025-01-18 14:32:40,077 [INFO] PluginManager:220 - loadIPPluginJar : add pdm2pcm
2025-01-18 14:32:40,080 [INFO] IPUIPlugin:80 - create IPUIPlugin
2025-01-18 14:32:40,081 [INFO] PluginManager:220 - loadIPPluginJar : add plateformsettings
2025-01-18 14:32:40,083 [INFO] IPUIPlugin:80 - create IPUIPlugin
2025-01-18 14:32:40,083 [INFO] PluginManager:220 - loadIPPluginJar : add quadspi
2025-01-18 14:32:40,084 [INFO] IPUIPlugin:80 - create IPUIPlugin
2025-01-18 14:32:40,084 [INFO] PluginManager:220 - loadIPPluginJar : add radio
2025-01-18 14:32:40,086 [INFO] IPUIPlugin:80 - create IPUIPlugin
2025-01-18 14:32:40,086 [INFO] PluginManager:220 - loadIPPluginJar : add resmgrutility
2025-01-18 14:32:40,087 [INFO] IPUIPlugin:80 - create IPUIPlugin
2025-01-18 14:32:40,088 [INFO] PluginManager:220 - loadIPPluginJar : add sai
2025-01-18 14:32:40,089 [INFO] IPUIPlugin:80 - create IPUIPlugin
2025-01-18 14:32:40,089 [INFO] PluginManager:220 - loadIPPluginJar : add spi
2025-01-18 14:32:40,093 [INFO] IPUIPlugin:80 - create IPUIPlugin
2025-01-18 14:32:40,093 [INFO] PluginManager:220 - loadIPPluginJar : add stm32_wpan
2025-01-18 14:32:40,094 [INFO] IPUIPlugin:80 - create IPUIPlugin
2025-01-18 14:32:40,094 [INFO] PluginManager:220 - loadIPPluginJar : add tim
2025-01-18 14:32:40,096 [INFO] IPUIPlugin:80 - create IPUIPlugin
2025-01-18 14:32:40,096 [INFO] PluginManager:220 - loadIPPluginJar : add touchsensing
2025-01-18 14:32:40,097 [INFO] IPUIPlugin:80 - create IPUIPlugin
2025-01-18 14:32:40,097 [INFO] PluginManager:220 - loadIPPluginJar : add tracer_emb
2025-01-18 14:32:40,098 [INFO] IPUIPlugin:80 - create IPUIPlugin
2025-01-18 14:32:40,098 [INFO] PluginManager:220 - loadIPPluginJar : add ts
2025-01-18 14:32:40,098 [INFO] IPUIPlugin:80 - create IPUIPlugin
2025-01-18 14:32:40,099 [INFO] PluginManager:220 - loadIPPluginJar : add tsc
2025-01-18 14:32:40,100 [INFO] IPUIPlugin:80 - create IPUIPlugin
2025-01-18 14:32:40,100 [INFO] PluginManager:220 - loadIPPluginJar : add ucpd
2025-01-18 14:32:40,101 [INFO] IPUIPlugin:80 - create IPUIPlugin
2025-01-18 14:32:40,101 [INFO] PluginManager:220 - loadIPPluginJar : add usart
2025-01-18 14:32:40,103 [INFO] IPUIPlugin:80 - create IPUIPlugin
2025-01-18 14:32:40,103 [INFO] PluginManager:220 - loadIPPluginJar : add usbx
2025-01-18 14:32:40,206 [INFO] CADModel:165 - CPN selected for project level
2025-01-18 14:32:40,206 [INFO] CADModel:114 - Register for checkConnection events
2025-01-18 14:32:40,206 [FATAL] Updater:334 - Updater called before beeing initialized
2025-01-18 14:32:40,206 [ERROR] CADModel:125 - Updater not yet initialized, retry later 
2025-01-18 14:32:40,268 [INFO] CADModel:165 - CPN selected for project level
2025-01-18 14:32:40,268 [INFO] CADModel:114 - Register for checkConnection events
2025-01-18 14:32:40,268 [FATAL] Updater:334 - Updater called before beeing initialized
2025-01-18 14:32:40,268 [ERROR] CADModel:125 - Updater not yet initialized, retry later 
2025-01-18 14:32:40,270 [FATAL] Updater:334 - Updater called before beeing initialized
2025-01-18 14:32:40,338 [FATAL] Updater:334 - Updater called before beeing initialized
2025-01-18 14:32:40,341 [INFO] DbMcusAds:53 - JSON generation date=Tue Dec 17 17:01:15 CET 2024 (1734451275222)
2025-01-18 14:32:40,341 [FATAL] Updater:334 - Updater called before beeing initialized
2025-01-18 14:32:40,363 [WARN] DetailPanel:346 - Failed to get advertising image, set to default
2025-01-18 14:32:40,415 [FATAL] Updater:334 - Updater called before beeing initialized
2025-01-18 14:32:40,416 [FATAL] Updater:334 - Updater called before beeing initialized
2025-01-18 14:32:40,416 [FATAL] Updater:334 - Updater called before beeing initialized
2025-01-18 14:32:40,416 [WARN] DetailPanel:346 - Failed to get advertising image, set to default
2025-01-18 14:32:40,417 [FATAL] Updater:334 - Updater called before beeing initialized
2025-01-18 14:32:40,444 [ERROR] Updater:1164 - MainUpdater not yet initialized. External WinMGr cannot be set.
2025-01-18 14:32:40,445 [INFO] Updater:1100 - Updater Version found : 6.12.0
2025-01-18 14:32:40,456 [INFO] ApplicationProperties:184 - Using Application install path: C:\ST\STM32CubeIDE_1.16.0\STM32CubeIDE\plugins\com.st.stm32cube.common.mx_6.12.0.202406281431
2025-01-18 14:32:42,027 [ERROR] LogOutputStream:75 - [STDERR_REDIRECT] Jan 18, 2025 2:32:42 PM java.util.prefs.WindowsPreferences <init>
2025-01-18 14:32:42,027 [ERROR] LogOutputStream:75 - [STDERR_REDIRECT] WARNING: Could not open/create prefs root node Software\JavaSoft\Prefs at root 0xffffffff80000002. Windows RegCreateKeyEx(...) returned error code 5.
2025-01-18 14:32:42,027 [ERROR] LogOutputStream:75 - [STDERR_REDIRECT] 
2025-01-18 14:32:42,232 [INFO] MainUpdater:2873 - connection check result : 10
2025-01-18 14:32:42,232 [INFO] MainUpdater:290 - Updater Check For Update Now.
2025-01-18 14:32:42,232 [INFO] MicroXplorer:498 - Change Database Version : DB.6.0.120
2025-01-18 14:32:42,237 [INFO] McuFinderGlobals:63 - Set McuFinder mode to 2 (CubeIDE integrated)
2025-01-18 14:32:42,237 [INFO] UserAuth:417 - Internet connection configuration mode: 1
2025-01-18 14:32:42,256 [INFO] JxBrowserEngine:152 - Initiate JxBrowser Engine with user profile folder
2025-01-18 14:32:42,396 [INFO] CheckServerUpdateThread:120 - End of CheckServer Thread
2025-01-18 14:32:42,682 [INFO] WebApp:167 - Instantiating new browser for Auth
2025-01-18 14:32:42,891 [WARN] PackLoader:240 - Cannot read IP mode file for STMicroelectronics.FP-SNS-MOTENVWB1.1.4.0
2025-01-18 14:32:42,897 [WARN] PackLoader:240 - Cannot read IP mode file for STMicroelectronics.FP-ATR-ASTRA1.2.0.1
2025-01-18 14:32:42,906 [WARN] PackLoader:240 - Cannot read IP mode file for STMicroelectronics.X-CUBE-SMBUS.2.1.0
2025-01-18 14:32:42,913 [WARN] PackLoader:240 - Cannot read IP mode file for STMicroelectronics.X-CUBE-WB05N.1.1.0
2025-01-18 14:32:42,937 [WARN] PackLoader:240 - Cannot read IP mode file for STMicroelectronics.X-CUBE-AZRTOS-F7.1.1.0
2025-01-18 14:32:42,948 [ERROR] RealEvaluatedCondition:428 - Found unsupported composite condition: CLASS='Data Exchange' GROUP='STM32_MetaDataManager'
2025-01-18 14:32:42,948 [ERROR] RealEvaluatedCondition:428 - Found unsupported composite condition: GROUP='STM32_MetaDataManager' CLASS='Data Exchange'
2025-01-18 14:32:42,950 [WARN] PackLoader:240 - Cannot read IP mode file for STMicroelectronics.FP-SNS-MOTENV1.4.3.0
2025-01-18 14:32:42,959 [WARN] PackLoader:240 - Cannot read IP mode file for STMicroelectronics.FP-SNS-MOTENV1.4.3.2
2025-01-18 14:32:42,963 [WARN] PackLoader:240 - Cannot read IP mode file for STMicroelectronics.FP-SNS-FLIGHT1.5.0.0
2025-01-18 14:32:42,967 [WARN] PackLoader:240 - Cannot read IP mode file for STMicroelectronics.X-CUBE-BLE1.6.2.3
2025-01-18 14:32:42,972 [WARN] PackLoader:240 - Cannot read IP mode file for STMicroelectronics.X-CUBE-BLE1.6.2.4
2025-01-18 14:32:42,978 [WARN] PackLoader:240 - Cannot read IP mode file for STMicroelectronics.FP-SNS-FLIGHT1.5.0.2
2025-01-18 14:32:42,985 [WARN] PackLoader:240 - Cannot read IP mode file for STMicroelectronics.X-CUBE-TOF1.3.1.0
2025-01-18 14:32:42,992 [WARN] PackLoader:240 - Cannot read IP mode file for STMicroelectronics.X-CUBE-DISPLAY.3.0.0
2025-01-18 14:32:43,000 [WARN] PackLoader:240 - Cannot read IP mode file for STMicroelectronics.X-CUBE-BLE1.7.0.0
2025-01-18 14:32:43,007 [WARN] PackLoader:240 - Cannot read IP mode file for STMicroelectronics.X-CUBE-NFC10.1.0.0
2025-01-18 14:32:43,017 [WARN] PackLoader:240 - Cannot read IP mode file for STMicroelectronics.X-CUBE-BLEMGR.4.0.0
2025-01-18 14:32:43,033 [WARN] PackLoader:240 - Cannot read IP mode file for STMicroelectronics.X-CUBE-TOUCHGFX.4.22.0
2025-01-18 14:32:43,039 [WARN] PackLoader:240 - Cannot read IP mode file for STMicroelectronics.X-CUBE-TOUCHGFX.4.22.1
2025-01-18 14:32:43,079 [WARN] PackLoader:240 - Cannot read IP mode file for STMicroelectronics.X-CUBE-MEMS1.9.3.0
2025-01-18 14:32:43,213 [WARN] PackLoader:240 - Cannot read IP mode file for STMicroelectronics.X-CUBE-AI.7.2.0
2025-01-18 14:32:43,218 [WARN] PackLoader:240 - Cannot read IP mode file for STMicroelectronics.FP-SNS-SMARTAG2.1.2.0
2025-01-18 14:32:43,257 [WARN] PackLoader:240 - Cannot read IP mode file for STMicroelectronics.X-CUBE-MEMS1.11.1.0
2025-01-18 14:32:43,408 [INFO] LogOutputStream:77 - [STDOUT_REDIRECT] 1 : Invalid condition id : UX_CORESTACK_Condition cause : null
2025-01-18 14:32:43,409 [INFO] LogOutputStream:77 - [STDOUT_REDIRECT] 1 : Invalid condition id : UX_CORESTACK_Condition cause : null
2025-01-18 14:32:43,411 [INFO] LogOutputStream:77 - [STDOUT_REDIRECT] 1 : Invalid condition id : UX_CORESTACK_Condition cause : null
2025-01-18 14:32:43,412 [INFO] LogOutputStream:77 - [STDOUT_REDIRECT] 1 : Invalid condition id : UX_CORESTACK_Condition cause : null
2025-01-18 14:32:43,414 [INFO] LogOutputStream:77 - [STDOUT_REDIRECT] 1 : Invalid condition id : UX_CORESTACK_Condition cause : null
2025-01-18 14:32:43,418 [WARN] PackLoader:240 - Cannot read IP mode file for STMicroelectronics.X-CUBE-AZRTOS-WL.2.0.0
2025-01-18 14:32:43,429 [WARN] PackLoader:240 - Cannot read IP mode file for STMicroelectronics.FP-SNS-MOTENV1.5.0.0
2025-01-18 14:32:43,438 [WARN] PackLoader:240 - Cannot read IP mode file for wolfSSL.I-CUBE-wolfMQTT.1.19.0
2025-01-18 14:32:43,450 [WARN] PackLoader:240 - Cannot read IP mode file for WES.I-CUBE-Cesium.1.3.0
2025-01-18 14:32:43,457 [WARN] PackLoader:240 - Cannot read IP mode file for STMicroelectronics.X-CUBE-BLE2.3.3.0
2025-01-18 14:32:43,465 [WARN] PackLoader:240 - Cannot read IP mode file for STMicroelectronics.X-CUBE-DISPLAY.2.2.0
2025-01-18 14:32:43,478 [WARN] PackLoader:240 - Cannot read IP mode file for STMicroelectronics.X-CUBE-TOF1.3.2.0
2025-01-18 14:32:43,493 [WARN] PackLoader:240 - Cannot read IP mode file for STMicroelectronics.X-CUBE-ISPU.1.0.0
2025-01-18 14:32:43,502 [WARN] PackLoader:240 - Cannot read IP mode file for STMicroelectronics.X-CUBE-NFC9.1.0.0
2025-01-18 14:32:43,531 [WARN] PackLoader:240 - Cannot read IP mode file for STMicroelectronics.X-CUBE-AZRTOS-H7.2.1.0
2025-01-18 14:32:43,543 [WARN] PackLoader:240 - Cannot read IP mode file for STMicroelectronics.X-CUBE-TOUCHGFX.4.21.1
2025-01-18 14:32:43,550 [WARN] PackLoader:240 - Cannot read IP mode file for STMicroelectronics.X-CUBE-TOUCHGFX.4.21.3
2025-01-18 14:32:43,557 [INFO] WebApp:448 - Apply proxy settings
2025-01-18 14:32:43,559 [INFO] WebApp:533 - Chromium requires no authentication
2025-01-18 14:32:43,581 [INFO] WebApp:476 - Direct internet connection detected
2025-01-18 14:32:43,604 [WARN] PackLoader:240 - Cannot read IP mode file for STMicroelectronics.X-CUBE-MEMS1.9.4.0
2025-01-18 14:32:43,658 [INFO] WebApp:869 - Register for checkConnection events
2025-01-18 14:32:43,658 [INFO] WebApp:448 - Apply proxy settings
2025-01-18 14:32:43,659 [INFO] WebApp:533 - Chromium requires no authentication
2025-01-18 14:32:43,661 [INFO] WebApp:476 - Direct internet connection detected
2025-01-18 14:32:43,721 [WARN] PackLoader:240 - Cannot read IP mode file for STMicroelectronics.X-CUBE-AI.7.3.0
2025-01-18 14:32:43,731 [WARN] PackLoader:240 - Cannot read IP mode file for STMicroelectronics.X-CUBE-ALGOBUILD.1.3.0
2025-01-18 14:32:43,746 [WARN] PackLoader:240 - Cannot read IP mode file for STMicroelectronics.X-CUBE-AZRTOS-G0.1.1.0
2025-01-18 14:32:43,757 [WARN] PackLoader:240 - Cannot read IP mode file for STMicroelectronics.X-CUBE-SAFEA1.1.2.2
2025-01-18 14:32:43,767 [WARN] PackLoader:240 - Cannot read IP mode file for STMicroelectronics.X-CUBE-NFC4.3.0.0
2025-01-18 14:32:43,810 [WARN] PackLoader:240 - Cannot read IP mode file for SEGGER.I-CUBE-embOS.1.2.1
2025-01-18 14:32:43,867 [WARN] PackLoader:240 - Cannot read IP mode file for EmbeddedOffice.I-CUBE-FS-RTOS.1.0.1
2025-01-18 14:32:43,869 [ERROR] ConditionMgr:805 - Attr not supported : Dmpu
2025-01-18 14:32:43,869 [ERROR] ConditionMgr:805 - Attr not supported : Dmpu
2025-01-18 14:32:43,869 [ERROR] ConditionMgr:805 - Attr not supported : Dmpu
2025-01-18 14:32:43,869 [ERROR] ConditionMgr:805 - Attr not supported : Dmpu
2025-01-18 14:32:43,869 [ERROR] ConditionMgr:805 - Attr not supported : Dmpu
2025-01-18 14:32:43,870 [ERROR] ConditionMgr:805 - Attr not supported : Dmpu
2025-01-18 14:32:43,870 [ERROR] ConditionMgr:805 - Attr not supported : Dmpu
2025-01-18 14:32:43,870 [ERROR] ConditionMgr:805 - Attr not supported : Dmpu
2025-01-18 14:32:43,870 [ERROR] ConditionMgr:805 - Attr not supported : Dmpu
2025-01-18 14:32:43,870 [ERROR] ConditionMgr:805 - Attr not supported : Dmpu
2025-01-18 14:32:43,870 [ERROR] ConditionMgr:805 - Attr not supported : Dmpu
2025-01-18 14:32:43,870 [ERROR] ConditionMgr:805 - Attr not supported : Dmpu
2025-01-18 14:32:43,870 [ERROR] ConditionMgr:805 - Attr not supported : Dmpu
2025-01-18 14:32:43,870 [ERROR] ConditionMgr:805 - Attr not supported : Dmpu
2025-01-18 14:32:43,870 [ERROR] ConditionMgr:805 - Attr not supported : Dmpu
2025-01-18 14:32:43,871 [ERROR] ConditionMgr:805 - Attr not supported : Dmpu
2025-01-18 14:32:43,871 [ERROR] ConditionMgr:805 - Attr not supported : Dmpu
2025-01-18 14:32:43,871 [ERROR] ConditionMgr:805 - Attr not supported : Dmpu
2025-01-18 14:32:43,871 [ERROR] ConditionMgr:805 - Attr not supported : Dmpu
2025-01-18 14:32:43,871 [ERROR] ConditionMgr:805 - Attr not supported : Dmpu
2025-01-18 14:32:43,871 [ERROR] ConditionMgr:805 - Attr not supported : Dmpu
2025-01-18 14:32:43,871 [ERROR] ConditionMgr:805 - Attr not supported : Dmpu
2025-01-18 14:32:43,871 [ERROR] ConditionMgr:805 - Attr not supported : Dmpu
2025-01-18 14:32:43,871 [ERROR] ConditionMgr:805 - Attr not supported : Dmpu
2025-01-18 14:32:43,871 [ERROR] ConditionMgr:805 - Attr not supported : Dmpu
2025-01-18 14:32:43,871 [ERROR] ConditionMgr:805 - Attr not supported : Dmpu
2025-01-18 14:32:43,871 [ERROR] ConditionMgr:805 - Attr not supported : Dmpu
2025-01-18 14:32:43,871 [ERROR] ConditionMgr:805 - Attr not supported : Dmpu
2025-01-18 14:32:43,872 [ERROR] ConditionMgr:805 - Attr not supported : Dmpu
2025-01-18 14:32:43,873 [ERROR] ConditionMgr:805 - Attr not supported : Dmpu
2025-01-18 14:32:43,873 [ERROR] ConditionMgr:805 - Attr not supported : Dmpu
2025-01-18 14:32:43,873 [ERROR] ConditionMgr:805 - Attr not supported : Dmpu
2025-01-18 14:32:43,873 [ERROR] ConditionMgr:805 - Attr not supported : Dmpu
2025-01-18 14:32:43,873 [ERROR] ConditionMgr:805 - Attr not supported : Dmpu
2025-01-18 14:32:43,873 [ERROR] ConditionMgr:805 - Attr not supported : Dmpu
2025-01-18 14:32:43,873 [ERROR] ConditionMgr:805 - Attr not supported : Dmpu
2025-01-18 14:32:43,874 [ERROR] ConditionMgr:805 - Attr not supported : Dmpu
2025-01-18 14:32:43,874 [ERROR] ConditionMgr:805 - Attr not supported : Dmpu
2025-01-18 14:32:43,875 [ERROR] ConditionMgr:805 - Attr not supported : Dmpu
2025-01-18 14:32:43,875 [ERROR] ConditionMgr:805 - Attr not supported : Dmpu
2025-01-18 14:32:43,875 [ERROR] ConditionMgr:805 - Attr not supported : Dmpu
2025-01-18 14:32:43,875 [ERROR] ConditionMgr:805 - Attr not supported : Dmpu
2025-01-18 14:32:43,875 [ERROR] ConditionMgr:805 - Attr not supported : Dmpu
2025-01-18 14:32:43,875 [ERROR] ConditionMgr:805 - Attr not supported : Dmpu
2025-01-18 14:32:43,875 [ERROR] ConditionMgr:805 - Attr not supported : Dmpu
2025-01-18 14:32:43,875 [ERROR] ConditionMgr:805 - Attr not supported : Dmpu
2025-01-18 14:32:43,875 [ERROR] ConditionMgr:805 - Attr not supported : Dmpu
2025-01-18 14:32:43,875 [ERROR] ConditionMgr:805 - Attr not supported : Dmpu
2025-01-18 14:32:43,875 [ERROR] ConditionMgr:805 - Attr not supported : Dmpu
2025-01-18 14:32:43,875 [ERROR] ConditionMgr:805 - Attr not supported : Dmpu
2025-01-18 14:32:43,875 [ERROR] ConditionMgr:805 - Attr not supported : Dmpu
2025-01-18 14:32:43,876 [ERROR] ConditionMgr:805 - Attr not supported : Dmpu
2025-01-18 14:32:43,876 [ERROR] ConditionMgr:805 - Attr not supported : Dmpu
2025-01-18 14:32:43,876 [ERROR] ConditionMgr:805 - Attr not supported : Dmpu
2025-01-18 14:32:43,876 [ERROR] ConditionMgr:805 - Attr not supported : Dmpu
2025-01-18 14:32:43,876 [ERROR] ConditionMgr:805 - Attr not supported : Dmpu
2025-01-18 14:32:43,876 [ERROR] ConditionMgr:805 - Attr not supported : Dmpu
2025-01-18 14:32:43,876 [ERROR] ConditionMgr:805 - Attr not supported : Dmpu
2025-01-18 14:32:43,876 [ERROR] ConditionMgr:805 - Attr not supported : Dmpu
2025-01-18 14:32:43,876 [ERROR] ConditionMgr:805 - Attr not supported : Dmpu
2025-01-18 14:32:43,876 [ERROR] ConditionMgr:805 - Attr not supported : Dmpu
2025-01-18 14:32:43,876 [ERROR] ConditionMgr:805 - Attr not supported : Dmpu
2025-01-18 14:32:43,876 [ERROR] ConditionMgr:805 - Attr not supported : Dmpu
2025-01-18 14:32:43,876 [ERROR] ConditionMgr:805 - Attr not supported : Dmpu
2025-01-18 14:32:43,907 [WARN] PackLoader:240 - Cannot read IP mode file for STMicroelectronics.X-CUBE-BLEMGR.3.0.0
2025-01-18 14:32:43,921 [WARN] PackLoader:240 - Cannot read IP mode file for STMicroelectronics.X-CUBE-BLEMGR.1.3.0
2025-01-18 14:32:43,932 [ERROR] Engine:466 - C:\Users\Korisnik\.stm32cubemx\thirdparties\pdsc\STMicroelectronics.X-CUBE-TCPP.4.2.0.pdsc: PDSC version is not supported
2025-01-18 14:32:43,939 [WARN] PackLoader:240 - Cannot read IP mode file for RealThread.X-CUBE-RT-Thread_Nano.4.1.1
2025-01-18 14:32:43,947 [WARN] PackLoader:240 - Cannot read IP mode file for STMicroelectronics.FP-ATR-SIGFOX1.3.2.0
2025-01-18 14:32:43,956 [WARN] ConditionMgr:438 - getConditionDescription Invalid condition id : Cortex-A Device cause : null
2025-01-18 14:32:43,984 [WARN] ConditionMgr:1039 - genDependencies : Invalid condition id : Cortex-A Device cause : null
2025-01-18 14:32:43,985 [WARN] ConditionMgr:1039 - genDependencies : Invalid condition id : Cortex-A Device cause : null
2025-01-18 14:32:43,985 [WARN] ConditionMgr:1039 - genDependencies : Invalid condition id : Cortex-A Device cause : null
2025-01-18 14:32:43,992 [WARN] PackLoader:240 - Cannot read IP mode file for STMicroelectronics.X-CUBE-EEPRMA1.5.1.0
2025-01-18 14:32:44,001 [WARN] PackLoader:240 - Cannot read IP mode file for emotas.I-CUBE-CANOPEN.1.1.2
2025-01-18 14:32:44,005 [WARN] PackLoader:240 - Cannot read IP mode file for STMicroelectronics.X-CUBE-TOUCHGFX.4.20.0
2025-01-18 14:32:44,043 [WARN] PackLoader:240 - Cannot read IP mode file for STMicroelectronics.X-CUBE-MEMS1.9.5.0
2025-01-18 14:32:44,100 [INFO] WebApp:220 - Starting web application
2025-01-18 14:32:44,100 [INFO] WebApp:578 - Web application path used C:\ST\STM32CubeIDE_1.16.0\STM32CubeIDE\plugins\com.st.stm32cube.common.mx_6.12.0.202406281431\db\plugins\mcufinder\reactClient1\index.html
2025-01-18 14:32:44,213 [WARN] PackLoader:240 - Cannot read IP mode file for SEGGER.I-CUBE-embOS.1.3.1
2025-01-18 14:32:44,262 [WARN] PackLoader:240 - Cannot read IP mode file for STMicroelectronics.X-CUBE-ALGOBUILD.1.4.0
2025-01-18 14:32:44,271 [WARN] PackLoader:240 - Cannot read IP mode file for STMicroelectronics.X-CUBE-AI.9.1.0
2025-01-18 14:32:44,282 [WARN] PackLoader:240 - Cannot read IP mode file for STMicroelectronics.X-CUBE-GNSS1.6.0.0
2025-01-18 14:32:44,312 [WARN] PackLoader:240 - Cannot read IP mode file for STMicroelectronics.X-CUBE-AZRTOS-F4.1.1.0
2025-01-18 14:32:44,328 [WARN] PackLoader:240 - Cannot read IP mode file for STMicroelectronics.X-CUBE-ISPU.2.1.0
2025-01-18 14:32:44,351 [WARN] PackLoader:240 - Cannot read IP mode file for STMicroelectronics.X-CUBE-BLEMGR.1.2.0
2025-01-18 14:32:44,366 [INFO] UserAuth:417 - Internet connection configuration mode: 1
2025-01-18 14:32:44,385 [WARN] PackLoader:240 - Cannot read IP mode file for STMicroelectronics.X-CUBE-AZRTOS-L5.2.0.0
2025-01-18 14:32:44,426 [INFO] WebApp:186 - Connection restablished
2025-01-18 14:32:44,447 [WARN] PackLoader:240 - Cannot read IP mode file for STMicroelectronics.X-CUBE-MEMS1.9.6.0
2025-01-18 14:32:44,620 [WARN] PackLoader:240 - Cannot read IP mode file for STMicroelectronics.X-CUBE-EEPRMA1.4.2.0
2025-01-18 14:32:44,635 [WARN] PackLoader:240 - Cannot read IP mode file for STMicroelectronics.X-CUBE-NFC6.3.1.0
2025-01-18 14:32:44,650 [WARN] PackLoader:240 - Cannot read IP mode file for ITTIA_DB.I-CUBE-ITTIADB.8.8.0
2025-01-18 14:32:44,664 [WARN] PackLoader:240 - Cannot read IP mode file for STMicroelectronics.X-CUBE-BLEMGR.2.0.0
2025-01-18 14:32:44,678 [WARN] PackLoader:240 - Cannot read IP mode file for STMicroelectronics.X-CUBE-DPower.1.2.0
2025-01-18 14:32:44,691 [WARN] PackLoader:240 - Cannot read IP mode file for STMicroelectronics.X-CUBE-NFC4.2.0.5
2025-01-18 14:32:44,701 [WARN] PackLoader:240 - Cannot read IP mode file for STMicroelectronics.X-CUBE-NFC4.2.0.4
2025-01-18 14:32:44,726 [WARN] ConditionMgr:438 - getConditionDescription Invalid condition id : UX DEVICE CLASS RTOS Condition cause : null
2025-01-18 14:32:44,728 [WARN] ConditionMgr:438 - getConditionDescription Invalid condition id : UX DEVICE CLASS RTOS Condition cause : null
2025-01-18 14:32:44,735 [WARN] PackLoader:240 - Cannot read IP mode file for STMicroelectronics.X-CUBE-AZRTOS-H7.3.1.0
2025-01-18 14:32:44,737 [WARN] ConditionMgr:1039 - genDependencies : Invalid condition id : UX DEVICE CLASS RTOS Condition cause : null
2025-01-18 14:32:44,738 [WARN] ConditionMgr:1039 - genDependencies : Invalid condition id : UX DEVICE CLASS RTOS Condition cause : null
2025-01-18 14:32:44,739 [WARN] ConditionMgr:1039 - genDependencies : Invalid condition id : UX DEVICE CLASS RTOS Condition cause : null
2025-01-18 14:32:44,740 [WARN] ConditionMgr:1039 - genDependencies : Invalid condition id : UX DEVICE CLASS RTOS Condition cause : null
2025-01-18 14:32:44,740 [WARN] ConditionMgr:1039 - genDependencies : Invalid condition id : UX DEVICE CLASS RTOS Condition cause : null
2025-01-18 14:32:44,751 [WARN] PackLoader:240 - Cannot read IP mode file for wolfSSL.I-CUBE-wolfSSL.5.5.1
2025-01-18 14:32:44,761 [WARN] PackLoader:240 - Cannot read IP mode file for STMicroelectronics.X-CUBE-FREERTOS.1.3.0
2025-01-18 14:32:44,776 [WARN] PackLoader:240 - Cannot read IP mode file for STMicroelectronics.X-CUBE-NFC7.1.0.1
2025-01-18 14:32:44,785 [WARN] PackLoader:240 - Cannot read IP mode file for STMicroelectronics.X-CUBE-NFC7.1.0.0
2025-01-18 14:32:44,800 [WARN] PackLoader:240 - Cannot read IP mode file for STMicroelectronics.X-CUBE-NFC6.3.0.0
2025-01-18 14:32:44,812 [WARN] PackLoader:240 - Cannot read IP mode file for STMicroelectronics.X-CUBE-EEPRMA1.4.1.0
2025-01-18 14:32:44,819 [WARN] PackLoader:240 - Cannot read IP mode file for STMicroelectronics.X-CUBE-AI.8.1.0
2025-01-18 14:32:44,849 [WARN] ConditionMgr:438 - getConditionDescription Invalid condition id : LAN8742 Phy interface Condition cause : null
2025-01-18 14:32:44,851 [WARN] PackLoader:240 - Cannot read IP mode file for STMicroelectronics.X-CUBE-AZRTOS-L4.2.0.0
2025-01-18 14:32:44,854 [WARN] ConditionMgr:1039 - genDependencies : Invalid condition id : LAN8742 Phy interface Condition cause : null
2025-01-18 14:32:44,854 [WARN] ConditionMgr:1039 - genDependencies : Invalid condition id : LAN8742 Phy interface Condition cause : null
2025-01-18 14:32:44,855 [WARN] ConditionMgr:1039 - genDependencies : Invalid condition id : LAN8742 Phy interface Condition cause : null
2025-01-18 14:32:44,870 [WARN] PackLoader:240 - Cannot read IP mode file for STMicroelectronics.X-CUBE-SFXS2LP1.4.0.0
2025-01-18 14:32:44,898 [WARN] PackLoader:240 - Cannot read IP mode file for STMicroelectronics.X-CUBE-AZRTOS-H7.3.0.0
2025-01-18 14:32:44,911 [WARN] PackLoader:240 - Cannot read IP mode file for STMicroelectronics.X-CUBE-ISPU.1.1.0
2025-01-18 14:32:44,941 [WARN] PackLoader:240 - Cannot read IP mode file for STMicroelectronics.X-CUBE-AZRTOS-H7.3.3.0
2025-01-18 14:32:44,960 [WARN] PackLoader:240 - Cannot read IP mode file for RoweBots.I-CUBE-UNISONRTOS.5.5.0-4
2025-01-18 14:32:44,968 [WARN] PackLoader:240 - Cannot read IP mode file for STMicroelectronics.X-CUBE-AI.8.0.0
2025-01-18 14:32:44,986 [WARN] ConditionMgr:438 - getConditionDescription Invalid condition id : UX DEVICE CLASS RTOS Condition cause : null
2025-01-18 14:32:44,987 [WARN] ConditionMgr:438 - getConditionDescription Invalid condition id : UX DEVICE CLASS RTOS Condition cause : null
2025-01-18 14:32:44,991 [WARN] PackLoader:240 - Cannot read IP mode file for STMicroelectronics.X-CUBE-AZRTOS-WB.2.0.0
2025-01-18 14:32:44,993 [WARN] ConditionMgr:1039 - genDependencies : Invalid condition id : UX DEVICE CLASS RTOS Condition cause : null
2025-01-18 14:32:44,993 [WARN] ConditionMgr:1039 - genDependencies : Invalid condition id : UX DEVICE CLASS RTOS Condition cause : null
2025-01-18 14:32:44,995 [WARN] ConditionMgr:1039 - genDependencies : Invalid condition id : UX DEVICE CLASS RTOS Condition cause : null
2025-01-18 14:32:44,995 [WARN] ConditionMgr:1039 - genDependencies : Invalid condition id : UX DEVICE CLASS RTOS Condition cause : null
2025-01-18 14:32:44,995 [WARN] ConditionMgr:1039 - genDependencies : Invalid condition id : UX DEVICE CLASS RTOS Condition cause : null
2025-01-18 14:32:45,008 [WARN] PackLoader:240 - Cannot read IP mode file for STMicroelectronics.X-CUBE-FREERTOS.1.0.0
2025-01-18 14:32:45,017 [WARN] PackLoader:240 - Cannot read IP mode file for STMicroelectronics.X-CUBE-FREERTOS.1.0.1
2025-01-18 14:32:45,027 [WARN] PackLoader:240 - Cannot read IP mode file for STMicroelectronics.X-CUBE-GNSS1.7.0.1
2025-01-18 14:32:45,042 [WARN] PackLoader:240 - Cannot read IP mode file for STMicroelectronics.FP-SNS-STBOX1.2.0.0
2025-01-18 14:32:45,066 [WARN] PackLoader:240 - Cannot read IP mode file for STMicroelectronics.X-CUBE-AZRTOS-L5.1.1.0
2025-01-18 14:32:45,078 [WARN] PackLoader:240 - Cannot read IP mode file for STMicroelectronics.X-CUBE-AI.8.0.1
2025-01-18 14:32:45,094 [WARN] PackLoader:240 - Cannot read IP mode file for STMicroelectronics.X-CUBE-SUBG2.5.0.0
2025-01-18 14:32:45,109 [WARN] PackLoader:240 - Cannot read IP mode file for Cesanta.I-CUBE-Mongoose.7.13.0
2025-01-18 14:32:45,121 [WARN] PackLoader:240 - Cannot read IP mode file for STMicroelectronics.X-CUBE-TOF1.3.3.1
2025-01-18 14:32:45,150 [WARN] PackLoader:240 - Cannot read IP mode file for STMicroelectronics.X-CUBE-AZRTOS-G4.2.0.0
2025-01-18 14:32:45,166 [WARN] PackLoader:240 - Cannot read IP mode file for STMicroelectronics.X-CUBE-TOF1.3.3.0
2025-01-18 14:32:45,187 [WARN] PackLoader:240 - Cannot read IP mode file for STMicroelectronics.FP-ATR-ASTRA1.1.1.1
2025-01-18 14:32:45,218 [WARN] PackLoader:240 - Cannot read IP mode file for Infineon.AIROC-Wi-Fi-Bluetooth-STM32.1.5.1
2025-01-18 14:32:45,231 [WARN] PackLoader:240 - Cannot read IP mode file for STMicroelectronics.FP-SNS-MOTENVWB1.1.3.0
2025-01-18 14:32:45,238 [WARN] PackLoader:240 - Cannot read IP mode file for STMicroelectronics.FP-SNS-MOTENVWB1.1.3.1
2025-01-18 14:32:45,265 [WARN] PackLoader:240 - Cannot read IP mode file for STMicroelectronics.X-CUBE-AZRTOS-G4.1.0.0
2025-01-18 14:32:45,285 [WARN] PackLoader:240 - Cannot read IP mode file for STMicroelectronics.X-CUBE-AZRTOS-L4.1.0.0
2025-01-18 14:32:45,295 [WARN] PackLoader:240 - Cannot read IP mode file for STMicroelectronics.X-CUBE-ISPU.2.0.0
2025-01-18 14:32:45,304 [ERROR] Engine:466 - C:\Users\Korisnik\.stm32cubemx\thirdparties\pdsc\STMicroelectronics.X-CUBE-IPS.3.1.0.pdsc: PDSC version is not supported
2025-01-18 14:32:45,313 [WARN] PackLoader:240 - Cannot read IP mode file for STMicroelectronics.X-CUBE-ALS.1.0.2
2025-01-18 14:32:45,353 [WARN] PackLoader:240 - Cannot read IP mode file for STMicroelectronics.X-CUBE-MEMS1.10.0.0
2025-01-18 14:32:45,451 [WARN] PackLoader:240 - Cannot read IP mode file for STMicroelectronics.X-CUBE-FREERTOS.1.1.0
2025-01-18 14:32:45,458 [WARN] PackLoader:240 - Cannot read IP mode file for STMicroelectronics.X-CUBE-TOUCHGFX.4.24.2
2025-01-18 14:32:45,470 [WARN] PackLoader:240 - Cannot read IP mode file for STMicroelectronics.X-CUBE-AZRTOS-WL.1.0.0
2025-01-18 14:32:45,484 [WARN] PackLoader:240 - Cannot read IP mode file for wolfSSL.I-CUBE-wolfTPM.3.4.0
2025-01-18 14:32:45,496 [WARN] PackLoader:240 - Cannot read IP mode file for portGmbH.I-Cube-SoM-uGOAL.1.1.0
2025-01-18 14:32:45,504 [WARN] PackLoader:240 - Cannot read IP mode file for STMicroelectronics.X-CUBE-ALS.1.0.1
2025-01-18 14:32:45,520 [WARN] PackLoader:240 - Cannot read IP mode file for STMicroelectronics.X-CUBE-AZRTOS-WB.1.1.0
2025-01-18 14:32:45,540 [WARN] PackLoader:240 - Cannot read IP mode file for STMicroelectronics.X-CUBE-AZRTOS-L5.1.0.0
2025-01-18 14:32:45,549 [WARN] PackLoader:240 - Cannot read IP mode file for STMicroelectronics.X-CUBE-EEPRMA1.3.1.1
2025-01-18 14:32:45,573 [WARN] PackLoader:240 - Cannot read IP mode file for STMicroelectronics.X-CUBE-AZRTOS-H7RS.1.0.0
2025-01-18 14:32:45,581 [WARN] PackLoader:240 - Cannot read IP mode file for STMicroelectronics.FP-ATR-ASTRA1.2.0.0
2025-01-18 14:32:45,591 [WARN] PackLoader:240 - Cannot read IP mode file for STMicroelectronics.X-CUBE-TOF1.3.4.2
2025-01-18 14:32:45,612 [WARN] PackLoader:240 - Cannot read IP mode file for STMicroelectronics.X-CUBE-TOF1.3.4.0
2025-01-18 14:32:45,638 [WARN] PackLoader:240 - Cannot read IP mode file for STMicroelectronics.X-CUBE-AZRTOS-H7.3.2.0
2025-01-18 14:32:45,647 [WARN] PackLoader:240 - Cannot read IP mode file for wolfSSL.I-CUBE-wolfSSH.1.4.17
2025-01-18 14:32:45,649 [INFO] ThirdParty:978 - Integrity check success = true
2025-01-18 14:32:45,649 [INFO] IntegrityCheckThread:100 - exiting critical section [integrity check]
2025-01-18 14:32:45,649 [INFO] IntegrityCheckThread:103 - End integrity checks thread
2025-01-18 15:02:11,263 [INFO] WebApp:189 - Connection lost
2025-01-18 15:02:11,426 [INFO] WebApp:186 - Connection restablished
2025-01-18 15:02:13,448 [INFO] WebApp:189 - Connection lost
2025-01-18 15:02:13,682 [INFO] WebApp:186 - Connection restablished
2025-01-18 15:02:40,876 [INFO] WebApp:189 - Connection lost
2025-01-18 15:02:41,014 [INFO] WebApp:186 - Connection restablished
2025-01-18 15:06:05,270 [ERROR] LogOutputStream:75 - [STDERR_REDIRECT] 
2025-01-18 15:06:05,271 [ERROR] LogOutputStream:75 - [STDERR_REDIRECT] 
