20:16:13 **** Build of configuration Debug for project MQTT_PUB ****
make -j16 all 
arm-none-eabi-gcc "../Drivers/STM32G4xx_HAL_Driver/Src/stm32g4xx_hal.c" -mcpu=cortex-m4 -std=gnu11 -g3 -DDEBUG -DUSE_NUCLEO_64 -DUSE_HAL_DRIVER -DSTM32G474xx -c -I../Core/Inc -I../Core/Src/w5500 -I../Core/Src/w5500/MQTTC -I../Core/Src/w5500/MQTTC/MQTTPacket -I../Core/Src/w5500/W5500 -I../Drivers/STM32G4xx_HAL_Driver/Inc -I../Drivers/STM32G4xx_HAL_Driver/Inc/Legacy -I../Drivers/BSP/STM32G4xx_Nucleo -I../Drivers/CMSIS/Device/ST/STM32G4xx/Include -I../Drivers/CMSIS/Include -O0 -ffunction-sections -fdata-sections -Wall -fstack-usage -fcyclomatic-complexity -MMD -MP -MF"Drivers/STM32G4xx_HAL_Driver/Src/stm32g4xx_hal.d" -MT"Drivers/STM32G4xx_HAL_Driver/Src/stm32g4xx_hal.o" --specs=nano.specs -mfpu=fpv4-sp-d16 -mfloat-abi=hard -mthumb -o "Drivers/STM32G4xx_HAL_Driver/Src/stm32g4xx_hal.o"
arm-none-eabi-gcc "../Drivers/STM32G4xx_HAL_Driver/Src/stm32g4xx_hal_cortex.c" -mcpu=cortex-m4 -std=gnu11 -g3 -DDEBUG -DUSE_NUCLEO_64 -DUSE_HAL_DRIVER -DSTM32G474xx -c -I../Core/Inc -I../Core/Src/w5500 -I../Core/Src/w5500/MQTTC -I../Core/Src/w5500/MQTTC/MQTTPacket -I../Core/Src/w5500/W5500 -I../Drivers/STM32G4xx_HAL_Driver/Inc -I../Drivers/STM32G4xx_HAL_Driver/Inc/Legacy -I../Drivers/BSP/STM32G4xx_Nucleo -I../Drivers/CMSIS/Device/ST/STM32G4xx/Include -I../Drivers/CMSIS/Include -O0 -ffunction-sections -fdata-sections -Wall -fstack-usage -fcyclomatic-complexity -MMD -MP -MF"Drivers/STM32G4xx_HAL_Driver/Src/stm32g4xx_hal_cortex.d" -MT"Drivers/STM32G4xx_HAL_Driver/Src/stm32g4xx_hal_cortex.o" --specs=nano.specs -mfpu=fpv4-sp-d16 -mfloat-abi=hard -mthumb -o "Drivers/STM32G4xx_HAL_Driver/Src/stm32g4xx_hal_cortex.o"
arm-none-eabi-gcc "../Drivers/STM32G4xx_HAL_Driver/Src/stm32g4xx_hal_dma.c" -mcpu=cortex-m4 -std=gnu11 -g3 -DDEBUG -DUSE_NUCLEO_64 -DUSE_HAL_DRIVER -DSTM32G474xx -c -I../Core/Inc -I../Core/Src/w5500 -I../Core/Src/w5500/MQTTC -I../Core/Src/w5500/MQTTC/MQTTPacket -I../Core/Src/w5500/W5500 -I../Drivers/STM32G4xx_HAL_Driver/Inc -I../Drivers/STM32G4xx_HAL_Driver/Inc/Legacy -I../Drivers/BSP/STM32G4xx_Nucleo -I../Drivers/CMSIS/Device/ST/STM32G4xx/Include -I../Drivers/CMSIS/Include -O0 -ffunction-sections -fdata-sections -Wall -fstack-usage -fcyclomatic-complexity -MMD -MP -MF"Drivers/STM32G4xx_HAL_Driver/Src/stm32g4xx_hal_dma.d" -MT"Drivers/STM32G4xx_HAL_Driver/Src/stm32g4xx_hal_dma.o" --specs=nano.specs -mfpu=fpv4-sp-d16 -mfloat-abi=hard -mthumb -o "Drivers/STM32G4xx_HAL_Driver/Src/stm32g4xx_hal_dma.o"
arm-none-eabi-gcc "../Drivers/STM32G4xx_HAL_Driver/Src/stm32g4xx_hal_dma_ex.c" -mcpu=cortex-m4 -std=gnu11 -g3 -DDEBUG -DUSE_NUCLEO_64 -DUSE_HAL_DRIVER -DSTM32G474xx -c -I../Core/Inc -I../Core/Src/w5500 -I../Core/Src/w5500/MQTTC -I../Core/Src/w5500/MQTTC/MQTTPacket -I../Core/Src/w5500/W5500 -I../Drivers/STM32G4xx_HAL_Driver/Inc -I../Drivers/STM32G4xx_HAL_Driver/Inc/Legacy -I../Drivers/BSP/STM32G4xx_Nucleo -I../Drivers/CMSIS/Device/ST/STM32G4xx/Include -I../Drivers/CMSIS/Include -O0 -ffunction-sections -fdata-sections -Wall -fstack-usage -fcyclomatic-complexity -MMD -MP -MF"Drivers/STM32G4xx_HAL_Driver/Src/stm32g4xx_hal_dma_ex.d" -MT"Drivers/STM32G4xx_HAL_Driver/Src/stm32g4xx_hal_dma_ex.o" --specs=nano.specs -mfpu=fpv4-sp-d16 -mfloat-abi=hard -mthumb -o "Drivers/STM32G4xx_HAL_Driver/Src/stm32g4xx_hal_dma_ex.o"
arm-none-eabi-gcc "../Drivers/STM32G4xx_HAL_Driver/Src/stm32g4xx_hal_exti.c" -mcpu=cortex-m4 -std=gnu11 -g3 -DDEBUG -DUSE_NUCLEO_64 -DUSE_HAL_DRIVER -DSTM32G474xx -c -I../Core/Inc -I../Core/Src/w5500 -I../Core/Src/w5500/MQTTC -I../Core/Src/w5500/MQTTC/MQTTPacket -I../Core/Src/w5500/W5500 -I../Drivers/STM32G4xx_HAL_Driver/Inc -I../Drivers/STM32G4xx_HAL_Driver/Inc/Legacy -I../Drivers/BSP/STM32G4xx_Nucleo -I../Drivers/CMSIS/Device/ST/STM32G4xx/Include -I../Drivers/CMSIS/Include -O0 -ffunction-sections -fdata-sections -Wall -fstack-usage -fcyclomatic-complexity -MMD -MP -MF"Drivers/STM32G4xx_HAL_Driver/Src/stm32g4xx_hal_exti.d" -MT"Drivers/STM32G4xx_HAL_Driver/Src/stm32g4xx_hal_exti.o" --specs=nano.specs -mfpu=fpv4-sp-d16 -mfloat-abi=hard -mthumb -o "Drivers/STM32G4xx_HAL_Driver/Src/stm32g4xx_hal_exti.o"
arm-none-eabi-gcc "../Drivers/STM32G4xx_HAL_Driver/Src/stm32g4xx_hal_flash.c" -mcpu=cortex-m4 -std=gnu11 -g3 -DDEBUG -DUSE_NUCLEO_64 -DUSE_HAL_DRIVER -DSTM32G474xx -c -I../Core/Inc -I../Core/Src/w5500 -I../Core/Src/w5500/MQTTC -I../Core/Src/w5500/MQTTC/MQTTPacket -I../Core/Src/w5500/W5500 -I../Drivers/STM32G4xx_HAL_Driver/Inc -I../Drivers/STM32G4xx_HAL_Driver/Inc/Legacy -I../Drivers/BSP/STM32G4xx_Nucleo -I../Drivers/CMSIS/Device/ST/STM32G4xx/Include -I../Drivers/CMSIS/Include -O0 -ffunction-sections -fdata-sections -Wall -fstack-usage -fcyclomatic-complexity -MMD -MP -MF"Drivers/STM32G4xx_HAL_Driver/Src/stm32g4xx_hal_flash.d" -MT"Drivers/STM32G4xx_HAL_Driver/Src/stm32g4xx_hal_flash.o" --specs=nano.specs -mfpu=fpv4-sp-d16 -mfloat-abi=hard -mthumb -o "Drivers/STM32G4xx_HAL_Driver/Src/stm32g4xx_hal_flash.o"
arm-none-eabi-gcc "../Drivers/STM32G4xx_HAL_Driver/Src/stm32g4xx_hal_flash_ex.c" -mcpu=cortex-m4 -std=gnu11 -g3 -DDEBUG -DUSE_NUCLEO_64 -DUSE_HAL_DRIVER -DSTM32G474xx -c -I../Core/Inc -I../Core/Src/w5500 -I../Core/Src/w5500/MQTTC -I../Core/Src/w5500/MQTTC/MQTTPacket -I../Core/Src/w5500/W5500 -I../Drivers/STM32G4xx_HAL_Driver/Inc -I../Drivers/STM32G4xx_HAL_Driver/Inc/Legacy -I../Drivers/BSP/STM32G4xx_Nucleo -I../Drivers/CMSIS/Device/ST/STM32G4xx/Include -I../Drivers/CMSIS/Include -O0 -ffunction-sections -fdata-sections -Wall -fstack-usage -fcyclomatic-complexity -MMD -MP -MF"Drivers/STM32G4xx_HAL_Driver/Src/stm32g4xx_hal_flash_ex.d" -MT"Drivers/STM32G4xx_HAL_Driver/Src/stm32g4xx_hal_flash_ex.o" --specs=nano.specs -mfpu=fpv4-sp-d16 -mfloat-abi=hard -mthumb -o "Drivers/STM32G4xx_HAL_Driver/Src/stm32g4xx_hal_flash_ex.o"
arm-none-eabi-gcc "../Drivers/STM32G4xx_HAL_Driver/Src/stm32g4xx_hal_flash_ramfunc.c" -mcpu=cortex-m4 -std=gnu11 -g3 -DDEBUG -DUSE_NUCLEO_64 -DUSE_HAL_DRIVER -DSTM32G474xx -c -I../Core/Inc -I../Core/Src/w5500 -I../Core/Src/w5500/MQTTC -I../Core/Src/w5500/MQTTC/MQTTPacket -I../Core/Src/w5500/W5500 -I../Drivers/STM32G4xx_HAL_Driver/Inc -I../Drivers/STM32G4xx_HAL_Driver/Inc/Legacy -I../Drivers/BSP/STM32G4xx_Nucleo -I../Drivers/CMSIS/Device/ST/STM32G4xx/Include -I../Drivers/CMSIS/Include -O0 -ffunction-sections -fdata-sections -Wall -fstack-usage -fcyclomatic-complexity -MMD -MP -MF"Drivers/STM32G4xx_HAL_Driver/Src/stm32g4xx_hal_flash_ramfunc.d" -MT"Drivers/STM32G4xx_HAL_Driver/Src/stm32g4xx_hal_flash_ramfunc.o" --specs=nano.specs -mfpu=fpv4-sp-d16 -mfloat-abi=hard -mthumb -o "Drivers/STM32G4xx_HAL_Driver/Src/stm32g4xx_hal_flash_ramfunc.o"
arm-none-eabi-gcc "../Drivers/STM32G4xx_HAL_Driver/Src/stm32g4xx_hal_gpio.c" -mcpu=cortex-m4 -std=gnu11 -g3 -DDEBUG -DUSE_NUCLEO_64 -DUSE_HAL_DRIVER -DSTM32G474xx -c -I../Core/Inc -I../Core/Src/w5500 -I../Core/Src/w5500/MQTTC -I../Core/Src/w5500/MQTTC/MQTTPacket -I../Core/Src/w5500/W5500 -I../Drivers/STM32G4xx_HAL_Driver/Inc -I../Drivers/STM32G4xx_HAL_Driver/Inc/Legacy -I../Drivers/BSP/STM32G4xx_Nucleo -I../Drivers/CMSIS/Device/ST/STM32G4xx/Include -I../Drivers/CMSIS/Include -O0 -ffunction-sections -fdata-sections -Wall -fstack-usage -fcyclomatic-complexity -MMD -MP -MF"Drivers/STM32G4xx_HAL_Driver/Src/stm32g4xx_hal_gpio.d" -MT"Drivers/STM32G4xx_HAL_Driver/Src/stm32g4xx_hal_gpio.o" --specs=nano.specs -mfpu=fpv4-sp-d16 -mfloat-abi=hard -mthumb -o "Drivers/STM32G4xx_HAL_Driver/Src/stm32g4xx_hal_gpio.o"
arm-none-eabi-gcc "../Drivers/STM32G4xx_HAL_Driver/Src/stm32g4xx_hal_pwr.c" -mcpu=cortex-m4 -std=gnu11 -g3 -DDEBUG -DUSE_NUCLEO_64 -DUSE_HAL_DRIVER -DSTM32G474xx -c -I../Core/Inc -I../Core/Src/w5500 -I../Core/Src/w5500/MQTTC -I../Core/Src/w5500/MQTTC/MQTTPacket -I../Core/Src/w5500/W5500 -I../Drivers/STM32G4xx_HAL_Driver/Inc -I../Drivers/STM32G4xx_HAL_Driver/Inc/Legacy -I../Drivers/BSP/STM32G4xx_Nucleo -I../Drivers/CMSIS/Device/ST/STM32G4xx/Include -I../Drivers/CMSIS/Include -O0 -ffunction-sections -fdata-sections -Wall -fstack-usage -fcyclomatic-complexity -MMD -MP -MF"Drivers/STM32G4xx_HAL_Driver/Src/stm32g4xx_hal_pwr.d" -MT"Drivers/STM32G4xx_HAL_Driver/Src/stm32g4xx_hal_pwr.o" --specs=nano.specs -mfpu=fpv4-sp-d16 -mfloat-abi=hard -mthumb -o "Drivers/STM32G4xx_HAL_Driver/Src/stm32g4xx_hal_pwr.o"
arm-none-eabi-gcc "../Drivers/STM32G4xx_HAL_Driver/Src/stm32g4xx_hal_pwr_ex.c" -mcpu=cortex-m4 -std=gnu11 -g3 -DDEBUG -DUSE_NUCLEO_64 -DUSE_HAL_DRIVER -DSTM32G474xx -c -I../Core/Inc -I../Core/Src/w5500 -I../Core/Src/w5500/MQTTC -I../Core/Src/w5500/MQTTC/MQTTPacket -I../Core/Src/w5500/W5500 -I../Drivers/STM32G4xx_HAL_Driver/Inc -I../Drivers/STM32G4xx_HAL_Driver/Inc/Legacy -I../Drivers/BSP/STM32G4xx_Nucleo -I../Drivers/CMSIS/Device/ST/STM32G4xx/Include -I../Drivers/CMSIS/Include -O0 -ffunction-sections -fdata-sections -Wall -fstack-usage -fcyclomatic-complexity -MMD -MP -MF"Drivers/STM32G4xx_HAL_Driver/Src/stm32g4xx_hal_pwr_ex.d" -MT"Drivers/STM32G4xx_HAL_Driver/Src/stm32g4xx_hal_pwr_ex.o" --specs=nano.specs -mfpu=fpv4-sp-d16 -mfloat-abi=hard -mthumb -o "Drivers/STM32G4xx_HAL_Driver/Src/stm32g4xx_hal_pwr_ex.o"
arm-none-eabi-gcc "../Drivers/STM32G4xx_HAL_Driver/Src/stm32g4xx_hal_rcc.c" -mcpu=cortex-m4 -std=gnu11 -g3 -DDEBUG -DUSE_NUCLEO_64 -DUSE_HAL_DRIVER -DSTM32G474xx -c -I../Core/Inc -I../Core/Src/w5500 -I../Core/Src/w5500/MQTTC -I../Core/Src/w5500/MQTTC/MQTTPacket -I../Core/Src/w5500/W5500 -I../Drivers/STM32G4xx_HAL_Driver/Inc -I../Drivers/STM32G4xx_HAL_Driver/Inc/Legacy -I../Drivers/BSP/STM32G4xx_Nucleo -I../Drivers/CMSIS/Device/ST/STM32G4xx/Include -I../Drivers/CMSIS/Include -O0 -ffunction-sections -fdata-sections -Wall -fstack-usage -fcyclomatic-complexity -MMD -MP -MF"Drivers/STM32G4xx_HAL_Driver/Src/stm32g4xx_hal_rcc.d" -MT"Drivers/STM32G4xx_HAL_Driver/Src/stm32g4xx_hal_rcc.o" --specs=nano.specs -mfpu=fpv4-sp-d16 -mfloat-abi=hard -mthumb -o "Drivers/STM32G4xx_HAL_Driver/Src/stm32g4xx_hal_rcc.o"
arm-none-eabi-gcc "../Drivers/STM32G4xx_HAL_Driver/Src/stm32g4xx_hal_rcc_ex.c" -mcpu=cortex-m4 -std=gnu11 -g3 -DDEBUG -DUSE_NUCLEO_64 -DUSE_HAL_DRIVER -DSTM32G474xx -c -I../Core/Inc -I../Core/Src/w5500 -I../Core/Src/w5500/MQTTC -I../Core/Src/w5500/MQTTC/MQTTPacket -I../Core/Src/w5500/W5500 -I../Drivers/STM32G4xx_HAL_Driver/Inc -I../Drivers/STM32G4xx_HAL_Driver/Inc/Legacy -I../Drivers/BSP/STM32G4xx_Nucleo -I../Drivers/CMSIS/Device/ST/STM32G4xx/Include -I../Drivers/CMSIS/Include -O0 -ffunction-sections -fdata-sections -Wall -fstack-usage -fcyclomatic-complexity -MMD -MP -MF"Drivers/STM32G4xx_HAL_Driver/Src/stm32g4xx_hal_rcc_ex.d" -MT"Drivers/STM32G4xx_HAL_Driver/Src/stm32g4xx_hal_rcc_ex.o" --specs=nano.specs -mfpu=fpv4-sp-d16 -mfloat-abi=hard -mthumb -o "Drivers/STM32G4xx_HAL_Driver/Src/stm32g4xx_hal_rcc_ex.o"
arm-none-eabi-gcc "../Drivers/STM32G4xx_HAL_Driver/Src/stm32g4xx_hal_spi.c" -mcpu=cortex-m4 -std=gnu11 -g3 -DDEBUG -DUSE_NUCLEO_64 -DUSE_HAL_DRIVER -DSTM32G474xx -c -I../Core/Inc -I../Core/Src/w5500 -I../Core/Src/w5500/MQTTC -I../Core/Src/w5500/MQTTC/MQTTPacket -I../Core/Src/w5500/W5500 -I../Drivers/STM32G4xx_HAL_Driver/Inc -I../Drivers/STM32G4xx_HAL_Driver/Inc/Legacy -I../Drivers/BSP/STM32G4xx_Nucleo -I../Drivers/CMSIS/Device/ST/STM32G4xx/Include -I../Drivers/CMSIS/Include -O0 -ffunction-sections -fdata-sections -Wall -fstack-usage -fcyclomatic-complexity -MMD -MP -MF"Drivers/STM32G4xx_HAL_Driver/Src/stm32g4xx_hal_spi.d" -MT"Drivers/STM32G4xx_HAL_Driver/Src/stm32g4xx_hal_spi.o" --specs=nano.specs -mfpu=fpv4-sp-d16 -mfloat-abi=hard -mthumb -o "Drivers/STM32G4xx_HAL_Driver/Src/stm32g4xx_hal_spi.o"
arm-none-eabi-gcc "../Drivers/STM32G4xx_HAL_Driver/Src/stm32g4xx_hal_spi_ex.c" -mcpu=cortex-m4 -std=gnu11 -g3 -DDEBUG -DUSE_NUCLEO_64 -DUSE_HAL_DRIVER -DSTM32G474xx -c -I../Core/Inc -I../Core/Src/w5500 -I../Core/Src/w5500/MQTTC -I../Core/Src/w5500/MQTTC/MQTTPacket -I../Core/Src/w5500/W5500 -I../Drivers/STM32G4xx_HAL_Driver/Inc -I../Drivers/STM32G4xx_HAL_Driver/Inc/Legacy -I../Drivers/BSP/STM32G4xx_Nucleo -I../Drivers/CMSIS/Device/ST/STM32G4xx/Include -I../Drivers/CMSIS/Include -O0 -ffunction-sections -fdata-sections -Wall -fstack-usage -fcyclomatic-complexity -MMD -MP -MF"Drivers/STM32G4xx_HAL_Driver/Src/stm32g4xx_hal_spi_ex.d" -MT"Drivers/STM32G4xx_HAL_Driver/Src/stm32g4xx_hal_spi_ex.o" --specs=nano.specs -mfpu=fpv4-sp-d16 -mfloat-abi=hard -mthumb -o "Drivers/STM32G4xx_HAL_Driver/Src/stm32g4xx_hal_spi_ex.o"
arm-none-eabi-gcc "../Drivers/STM32G4xx_HAL_Driver/Src/stm32g4xx_hal_tim.c" -mcpu=cortex-m4 -std=gnu11 -g3 -DDEBUG -DUSE_NUCLEO_64 -DUSE_HAL_DRIVER -DSTM32G474xx -c -I../Core/Inc -I../Core/Src/w5500 -I../Core/Src/w5500/MQTTC -I../Core/Src/w5500/MQTTC/MQTTPacket -I../Core/Src/w5500/W5500 -I../Drivers/STM32G4xx_HAL_Driver/Inc -I../Drivers/STM32G4xx_HAL_Driver/Inc/Legacy -I../Drivers/BSP/STM32G4xx_Nucleo -I../Drivers/CMSIS/Device/ST/STM32G4xx/Include -I../Drivers/CMSIS/Include -O0 -ffunction-sections -fdata-sections -Wall -fstack-usage -fcyclomatic-complexity -MMD -MP -MF"Drivers/STM32G4xx_HAL_Driver/Src/stm32g4xx_hal_tim.d" -MT"Drivers/STM32G4xx_HAL_Driver/Src/stm32g4xx_hal_tim.o" --specs=nano.specs -mfpu=fpv4-sp-d16 -mfloat-abi=hard -mthumb -o "Drivers/STM32G4xx_HAL_Driver/Src/stm32g4xx_hal_tim.o"
arm-none-eabi-gcc "../Drivers/STM32G4xx_HAL_Driver/Src/stm32g4xx_hal_tim_ex.c" -mcpu=cortex-m4 -std=gnu11 -g3 -DDEBUG -DUSE_NUCLEO_64 -DUSE_HAL_DRIVER -DSTM32G474xx -c -I../Core/Inc -I../Core/Src/w5500 -I../Core/Src/w5500/MQTTC -I../Core/Src/w5500/MQTTC/MQTTPacket -I../Core/Src/w5500/W5500 -I../Drivers/STM32G4xx_HAL_Driver/Inc -I../Drivers/STM32G4xx_HAL_Driver/Inc/Legacy -I../Drivers/BSP/STM32G4xx_Nucleo -I../Drivers/CMSIS/Device/ST/STM32G4xx/Include -I../Drivers/CMSIS/Include -O0 -ffunction-sections -fdata-sections -Wall -fstack-usage -fcyclomatic-complexity -MMD -MP -MF"Drivers/STM32G4xx_HAL_Driver/Src/stm32g4xx_hal_tim_ex.d" -MT"Drivers/STM32G4xx_HAL_Driver/Src/stm32g4xx_hal_tim_ex.o" --specs=nano.specs -mfpu=fpv4-sp-d16 -mfloat-abi=hard -mthumb -o "Drivers/STM32G4xx_HAL_Driver/Src/stm32g4xx_hal_tim_ex.o"
arm-none-eabi-gcc "../Drivers/STM32G4xx_HAL_Driver/Src/stm32g4xx_hal_uart.c" -mcpu=cortex-m4 -std=gnu11 -g3 -DDEBUG -DUSE_NUCLEO_64 -DUSE_HAL_DRIVER -DSTM32G474xx -c -I../Core/Inc -I../Core/Src/w5500 -I../Core/Src/w5500/MQTTC -I../Core/Src/w5500/MQTTC/MQTTPacket -I../Core/Src/w5500/W5500 -I../Drivers/STM32G4xx_HAL_Driver/Inc -I../Drivers/STM32G4xx_HAL_Driver/Inc/Legacy -I../Drivers/BSP/STM32G4xx_Nucleo -I../Drivers/CMSIS/Device/ST/STM32G4xx/Include -I../Drivers/CMSIS/Include -O0 -ffunction-sections -fdata-sections -Wall -fstack-usage -fcyclomatic-complexity -MMD -MP -MF"Drivers/STM32G4xx_HAL_Driver/Src/stm32g4xx_hal_uart.d" -MT"Drivers/STM32G4xx_HAL_Driver/Src/stm32g4xx_hal_uart.o" --specs=nano.specs -mfpu=fpv4-sp-d16 -mfloat-abi=hard -mthumb -o "Drivers/STM32G4xx_HAL_Driver/Src/stm32g4xx_hal_uart.o"
arm-none-eabi-gcc "../Drivers/STM32G4xx_HAL_Driver/Src/stm32g4xx_hal_uart_ex.c" -mcpu=cortex-m4 -std=gnu11 -g3 -DDEBUG -DUSE_NUCLEO_64 -DUSE_HAL_DRIVER -DSTM32G474xx -c -I../Core/Inc -I../Core/Src/w5500 -I../Core/Src/w5500/MQTTC -I../Core/Src/w5500/MQTTC/MQTTPacket -I../Core/Src/w5500/W5500 -I../Drivers/STM32G4xx_HAL_Driver/Inc -I../Drivers/STM32G4xx_HAL_Driver/Inc/Legacy -I../Drivers/BSP/STM32G4xx_Nucleo -I../Drivers/CMSIS/Device/ST/STM32G4xx/Include -I../Drivers/CMSIS/Include -O0 -ffunction-sections -fdata-sections -Wall -fstack-usage -fcyclomatic-complexity -MMD -MP -MF"Drivers/STM32G4xx_HAL_Driver/Src/stm32g4xx_hal_uart_ex.d" -MT"Drivers/STM32G4xx_HAL_Driver/Src/stm32g4xx_hal_uart_ex.o" --specs=nano.specs -mfpu=fpv4-sp-d16 -mfloat-abi=hard -mthumb -o "Drivers/STM32G4xx_HAL_Driver/Src/stm32g4xx_hal_uart_ex.o"
arm-none-eabi-gcc "../Drivers/STM32G4xx_HAL_Driver/Src/stm32g4xx_hal_usart.c" -mcpu=cortex-m4 -std=gnu11 -g3 -DDEBUG -DUSE_NUCLEO_64 -DUSE_HAL_DRIVER -DSTM32G474xx -c -I../Core/Inc -I../Core/Src/w5500 -I../Core/Src/w5500/MQTTC -I../Core/Src/w5500/MQTTC/MQTTPacket -I../Core/Src/w5500/W5500 -I../Drivers/STM32G4xx_HAL_Driver/Inc -I../Drivers/STM32G4xx_HAL_Driver/Inc/Legacy -I../Drivers/BSP/STM32G4xx_Nucleo -I../Drivers/CMSIS/Device/ST/STM32G4xx/Include -I../Drivers/CMSIS/Include -O0 -ffunction-sections -fdata-sections -Wall -fstack-usage -fcyclomatic-complexity -MMD -MP -MF"Drivers/STM32G4xx_HAL_Driver/Src/stm32g4xx_hal_usart.d" -MT"Drivers/STM32G4xx_HAL_Driver/Src/stm32g4xx_hal_usart.o" --specs=nano.specs -mfpu=fpv4-sp-d16 -mfloat-abi=hard -mthumb -o "Drivers/STM32G4xx_HAL_Driver/Src/stm32g4xx_hal_usart.o"
arm-none-eabi-gcc "../Drivers/STM32G4xx_HAL_Driver/Src/stm32g4xx_hal_usart_ex.c" -mcpu=cortex-m4 -std=gnu11 -g3 -DDEBUG -DUSE_NUCLEO_64 -DUSE_HAL_DRIVER -DSTM32G474xx -c -I../Core/Inc -I../Core/Src/w5500 -I../Core/Src/w5500/MQTTC -I../Core/Src/w5500/MQTTC/MQTTPacket -I../Core/Src/w5500/W5500 -I../Drivers/STM32G4xx_HAL_Driver/Inc -I../Drivers/STM32G4xx_HAL_Driver/Inc/Legacy -I../Drivers/BSP/STM32G4xx_Nucleo -I../Drivers/CMSIS/Device/ST/STM32G4xx/Include -I../Drivers/CMSIS/Include -O0 -ffunction-sections -fdata-sections -Wall -fstack-usage -fcyclomatic-complexity -MMD -MP -MF"Drivers/STM32G4xx_HAL_Driver/Src/stm32g4xx_hal_usart_ex.d" -MT"Drivers/STM32G4xx_HAL_Driver/Src/stm32g4xx_hal_usart_ex.o" --specs=nano.specs -mfpu=fpv4-sp-d16 -mfloat-abi=hard -mthumb -o "Drivers/STM32G4xx_HAL_Driver/Src/stm32g4xx_hal_usart_ex.o"
arm-none-eabi-gcc "../Drivers/BSP/STM32G4xx_Nucleo/stm32g4xx_nucleo.c" -mcpu=cortex-m4 -std=gnu11 -g3 -DDEBUG -DUSE_NUCLEO_64 -DUSE_HAL_DRIVER -DSTM32G474xx -c -I../Core/Inc -I../Core/Src/w5500 -I../Core/Src/w5500/MQTTC -I../Core/Src/w5500/MQTTC/MQTTPacket -I../Core/Src/w5500/W5500 -I../Drivers/STM32G4xx_HAL_Driver/Inc -I../Drivers/STM32G4xx_HAL_Driver/Inc/Legacy -I../Drivers/BSP/STM32G4xx_Nucleo -I../Drivers/CMSIS/Device/ST/STM32G4xx/Include -I../Drivers/CMSIS/Include -O0 -ffunction-sections -fdata-sections -Wall -fstack-usage -fcyclomatic-complexity -MMD -MP -MF"Drivers/BSP/STM32G4xx_Nucleo/stm32g4xx_nucleo.d" -MT"Drivers/BSP/STM32G4xx_Nucleo/stm32g4xx_nucleo.o" --specs=nano.specs -mfpu=fpv4-sp-d16 -mfloat-abi=hard -mthumb -o "Drivers/BSP/STM32G4xx_Nucleo/stm32g4xx_nucleo.o"
arm-none-eabi-gcc -mcpu=cortex-m4 -g3 -DDEBUG -c -x assembler-with-cpp -MMD -MP -MF"Core/Startup/startup_stm32g474retx.d" -MT"Core/Startup/startup_stm32g474retx.o" --specs=nano.specs -mfpu=fpv4-sp-d16 -mfloat-abi=hard -mthumb -o "Core/Startup/startup_stm32g474retx.o" "../Core/Startup/startup_stm32g474retx.s"
arm-none-eabi-gcc "../Core/Src/w5500/W5500/w5500.c" -mcpu=cortex-m4 -std=gnu11 -g3 -DDEBUG -DUSE_NUCLEO_64 -DUSE_HAL_DRIVER -DSTM32G474xx -c -I../Core/Inc -I../Core/Src/w5500 -I../Core/Src/w5500/MQTTC -I../Core/Src/w5500/MQTTC/MQTTPacket -I../Core/Src/w5500/W5500 -I../Drivers/STM32G4xx_HAL_Driver/Inc -I../Drivers/STM32G4xx_HAL_Driver/Inc/Legacy -I../Drivers/BSP/STM32G4xx_Nucleo -I../Drivers/CMSIS/Device/ST/STM32G4xx/Include -I../Drivers/CMSIS/Include -O0 -ffunction-sections -fdata-sections -Wall -fstack-usage -fcyclomatic-complexity -MMD -MP -MF"Core/Src/w5500/W5500/w5500.d" -MT"Core/Src/w5500/W5500/w5500.o" --specs=nano.specs -mfpu=fpv4-sp-d16 -mfloat-abi=hard -mthumb -o "Core/Src/w5500/W5500/w5500.o"
arm-none-eabi-gcc "../Core/Src/w5500/MQTTC/MQTTPacket/MQTTConnectClient.c" -mcpu=cortex-m4 -std=gnu11 -g3 -DDEBUG -DUSE_NUCLEO_64 -DUSE_HAL_DRIVER -DSTM32G474xx -c -I../Core/Inc -I../Core/Src/w5500 -I../Core/Src/w5500/MQTTC -I../Core/Src/w5500/MQTTC/MQTTPacket -I../Core/Src/w5500/W5500 -I../Drivers/STM32G4xx_HAL_Driver/Inc -I../Drivers/STM32G4xx_HAL_Driver/Inc/Legacy -I../Drivers/BSP/STM32G4xx_Nucleo -I../Drivers/CMSIS/Device/ST/STM32G4xx/Include -I../Drivers/CMSIS/Include -O0 -ffunction-sections -fdata-sections -Wall -fstack-usage -fcyclomatic-complexity -MMD -MP -MF"Core/Src/w5500/MQTTC/MQTTPacket/MQTTConnectClient.d" -MT"Core/Src/w5500/MQTTC/MQTTPacket/MQTTConnectClient.o" --specs=nano.specs -mfpu=fpv4-sp-d16 -mfloat-abi=hard -mthumb -o "Core/Src/w5500/MQTTC/MQTTPacket/MQTTConnectClient.o"
arm-none-eabi-gcc "../Core/Src/w5500/MQTTC/MQTTPacket/MQTTConnectServer.c" -mcpu=cortex-m4 -std=gnu11 -g3 -DDEBUG -DUSE_NUCLEO_64 -DUSE_HAL_DRIVER -DSTM32G474xx -c -I../Core/Inc -I../Core/Src/w5500 -I../Core/Src/w5500/MQTTC -I../Core/Src/w5500/MQTTC/MQTTPacket -I../Core/Src/w5500/W5500 -I../Drivers/STM32G4xx_HAL_Driver/Inc -I../Drivers/STM32G4xx_HAL_Driver/Inc/Legacy -I../Drivers/BSP/STM32G4xx_Nucleo -I../Drivers/CMSIS/Device/ST/STM32G4xx/Include -I../Drivers/CMSIS/Include -O0 -ffunction-sections -fdata-sections -Wall -fstack-usage -fcyclomatic-complexity -MMD -MP -MF"Core/Src/w5500/MQTTC/MQTTPacket/MQTTConnectServer.d" -MT"Core/Src/w5500/MQTTC/MQTTPacket/MQTTConnectServer.o" --specs=nano.specs -mfpu=fpv4-sp-d16 -mfloat-abi=hard -mthumb -o "Core/Src/w5500/MQTTC/MQTTPacket/MQTTConnectServer.o"
arm-none-eabi-gcc "../Core/Src/w5500/MQTTC/MQTTPacket/MQTTDeserializePublish.c" -mcpu=cortex-m4 -std=gnu11 -g3 -DDEBUG -DUSE_NUCLEO_64 -DUSE_HAL_DRIVER -DSTM32G474xx -c -I../Core/Inc -I../Core/Src/w5500 -I../Core/Src/w5500/MQTTC -I../Core/Src/w5500/MQTTC/MQTTPacket -I../Core/Src/w5500/W5500 -I../Drivers/STM32G4xx_HAL_Driver/Inc -I../Drivers/STM32G4xx_HAL_Driver/Inc/Legacy -I../Drivers/BSP/STM32G4xx_Nucleo -I../Drivers/CMSIS/Device/ST/STM32G4xx/Include -I../Drivers/CMSIS/Include -O0 -ffunction-sections -fdata-sections -Wall -fstack-usage -fcyclomatic-complexity -MMD -MP -MF"Core/Src/w5500/MQTTC/MQTTPacket/MQTTDeserializePublish.d" -MT"Core/Src/w5500/MQTTC/MQTTPacket/MQTTDeserializePublish.o" --specs=nano.specs -mfpu=fpv4-sp-d16 -mfloat-abi=hard -mthumb -o "Core/Src/w5500/MQTTC/MQTTPacket/MQTTDeserializePublish.o"
arm-none-eabi-gcc "../Core/Src/w5500/MQTTC/MQTTPacket/MQTTFormat.c" -mcpu=cortex-m4 -std=gnu11 -g3 -DDEBUG -DUSE_NUCLEO_64 -DUSE_HAL_DRIVER -DSTM32G474xx -c -I../Core/Inc -I../Core/Src/w5500 -I../Core/Src/w5500/MQTTC -I../Core/Src/w5500/MQTTC/MQTTPacket -I../Core/Src/w5500/W5500 -I../Drivers/STM32G4xx_HAL_Driver/Inc -I../Drivers/STM32G4xx_HAL_Driver/Inc/Legacy -I../Drivers/BSP/STM32G4xx_Nucleo -I../Drivers/CMSIS/Device/ST/STM32G4xx/Include -I../Drivers/CMSIS/Include -O0 -ffunction-sections -fdata-sections -Wall -fstack-usage -fcyclomatic-complexity -MMD -MP -MF"Core/Src/w5500/MQTTC/MQTTPacket/MQTTFormat.d" -MT"Core/Src/w5500/MQTTC/MQTTPacket/MQTTFormat.o" --specs=nano.specs -mfpu=fpv4-sp-d16 -mfloat-abi=hard -mthumb -o "Core/Src/w5500/MQTTC/MQTTPacket/MQTTFormat.o"
arm-none-eabi-gcc "../Core/Src/w5500/MQTTC/MQTTPacket/MQTTPacket.c" -mcpu=cortex-m4 -std=gnu11 -g3 -DDEBUG -DUSE_NUCLEO_64 -DUSE_HAL_DRIVER -DSTM32G474xx -c -I../Core/Inc -I../Core/Src/w5500 -I../Core/Src/w5500/MQTTC -I../Core/Src/w5500/MQTTC/MQTTPacket -I../Core/Src/w5500/W5500 -I../Drivers/STM32G4xx_HAL_Driver/Inc -I../Drivers/STM32G4xx_HAL_Driver/Inc/Legacy -I../Drivers/BSP/STM32G4xx_Nucleo -I../Drivers/CMSIS/Device/ST/STM32G4xx/Include -I../Drivers/CMSIS/Include -O0 -ffunction-sections -fdata-sections -Wall -fstack-usage -fcyclomatic-complexity -MMD -MP -MF"Core/Src/w5500/MQTTC/MQTTPacket/MQTTPacket.d" -MT"Core/Src/w5500/MQTTC/MQTTPacket/MQTTPacket.o" --specs=nano.specs -mfpu=fpv4-sp-d16 -mfloat-abi=hard -mthumb -o "Core/Src/w5500/MQTTC/MQTTPacket/MQTTPacket.o"
arm-none-eabi-gcc "../Core/Src/w5500/MQTTC/MQTTPacket/MQTTSerializePublish.c" -mcpu=cortex-m4 -std=gnu11 -g3 -DDEBUG -DUSE_NUCLEO_64 -DUSE_HAL_DRIVER -DSTM32G474xx -c -I../Core/Inc -I../Core/Src/w5500 -I../Core/Src/w5500/MQTTC -I../Core/Src/w5500/MQTTC/MQTTPacket -I../Core/Src/w5500/W5500 -I../Drivers/STM32G4xx_HAL_Driver/Inc -I../Drivers/STM32G4xx_HAL_Driver/Inc/Legacy -I../Drivers/BSP/STM32G4xx_Nucleo -I../Drivers/CMSIS/Device/ST/STM32G4xx/Include -I../Drivers/CMSIS/Include -O0 -ffunction-sections -fdata-sections -Wall -fstack-usage -fcyclomatic-complexity -MMD -MP -MF"Core/Src/w5500/MQTTC/MQTTPacket/MQTTSerializePublish.d" -MT"Core/Src/w5500/MQTTC/MQTTPacket/MQTTSerializePublish.o" --specs=nano.specs -mfpu=fpv4-sp-d16 -mfloat-abi=hard -mthumb -o "Core/Src/w5500/MQTTC/MQTTPacket/MQTTSerializePublish.o"
arm-none-eabi-gcc "../Core/Src/w5500/MQTTC/MQTTPacket/MQTTSubscribeClient.c" -mcpu=cortex-m4 -std=gnu11 -g3 -DDEBUG -DUSE_NUCLEO_64 -DUSE_HAL_DRIVER -DSTM32G474xx -c -I../Core/Inc -I../Core/Src/w5500 -I../Core/Src/w5500/MQTTC -I../Core/Src/w5500/MQTTC/MQTTPacket -I../Core/Src/w5500/W5500 -I../Drivers/STM32G4xx_HAL_Driver/Inc -I../Drivers/STM32G4xx_HAL_Driver/Inc/Legacy -I../Drivers/BSP/STM32G4xx_Nucleo -I../Drivers/CMSIS/Device/ST/STM32G4xx/Include -I../Drivers/CMSIS/Include -O0 -ffunction-sections -fdata-sections -Wall -fstack-usage -fcyclomatic-complexity -MMD -MP -MF"Core/Src/w5500/MQTTC/MQTTPacket/MQTTSubscribeClient.d" -MT"Core/Src/w5500/MQTTC/MQTTPacket/MQTTSubscribeClient.o" --specs=nano.specs -mfpu=fpv4-sp-d16 -mfloat-abi=hard -mthumb -o "Core/Src/w5500/MQTTC/MQTTPacket/MQTTSubscribeClient.o"
arm-none-eabi-gcc "../Core/Src/w5500/MQTTC/MQTTPacket/MQTTSubscribeServer.c" -mcpu=cortex-m4 -std=gnu11 -g3 -DDEBUG -DUSE_NUCLEO_64 -DUSE_HAL_DRIVER -DSTM32G474xx -c -I../Core/Inc -I../Core/Src/w5500 -I../Core/Src/w5500/MQTTC -I../Core/Src/w5500/MQTTC/MQTTPacket -I../Core/Src/w5500/W5500 -I../Drivers/STM32G4xx_HAL_Driver/Inc -I../Drivers/STM32G4xx_HAL_Driver/Inc/Legacy -I../Drivers/BSP/STM32G4xx_Nucleo -I../Drivers/CMSIS/Device/ST/STM32G4xx/Include -I../Drivers/CMSIS/Include -O0 -ffunction-sections -fdata-sections -Wall -fstack-usage -fcyclomatic-complexity -MMD -MP -MF"Core/Src/w5500/MQTTC/MQTTPacket/MQTTSubscribeServer.d" -MT"Core/Src/w5500/MQTTC/MQTTPacket/MQTTSubscribeServer.o" --specs=nano.specs -mfpu=fpv4-sp-d16 -mfloat-abi=hard -mthumb -o "Core/Src/w5500/MQTTC/MQTTPacket/MQTTSubscribeServer.o"
arm-none-eabi-gcc "../Core/Src/w5500/MQTTC/MQTTPacket/MQTTUnsubscribeClient.c" -mcpu=cortex-m4 -std=gnu11 -g3 -DDEBUG -DUSE_NUCLEO_64 -DUSE_HAL_DRIVER -DSTM32G474xx -c -I../Core/Inc -I../Core/Src/w5500 -I../Core/Src/w5500/MQTTC -I../Core/Src/w5500/MQTTC/MQTTPacket -I../Core/Src/w5500/W5500 -I../Drivers/STM32G4xx_HAL_Driver/Inc -I../Drivers/STM32G4xx_HAL_Driver/Inc/Legacy -I../Drivers/BSP/STM32G4xx_Nucleo -I../Drivers/CMSIS/Device/ST/STM32G4xx/Include -I../Drivers/CMSIS/Include -O0 -ffunction-sections -fdata-sections -Wall -fstack-usage -fcyclomatic-complexity -MMD -MP -MF"Core/Src/w5500/MQTTC/MQTTPacket/MQTTUnsubscribeClient.d" -MT"Core/Src/w5500/MQTTC/MQTTPacket/MQTTUnsubscribeClient.o" --specs=nano.specs -mfpu=fpv4-sp-d16 -mfloat-abi=hard -mthumb -o "Core/Src/w5500/MQTTC/MQTTPacket/MQTTUnsubscribeClient.o"
arm-none-eabi-gcc "../Core/Src/w5500/MQTTC/MQTTPacket/MQTTUnsubscribeServer.c" -mcpu=cortex-m4 -std=gnu11 -g3 -DDEBUG -DUSE_NUCLEO_64 -DUSE_HAL_DRIVER -DSTM32G474xx -c -I../Core/Inc -I../Core/Src/w5500 -I../Core/Src/w5500/MQTTC -I../Core/Src/w5500/MQTTC/MQTTPacket -I../Core/Src/w5500/W5500 -I../Drivers/STM32G4xx_HAL_Driver/Inc -I../Drivers/STM32G4xx_HAL_Driver/Inc/Legacy -I../Drivers/BSP/STM32G4xx_Nucleo -I../Drivers/CMSIS/Device/ST/STM32G4xx/Include -I../Drivers/CMSIS/Include -O0 -ffunction-sections -fdata-sections -Wall -fstack-usage -fcyclomatic-complexity -MMD -MP -MF"Core/Src/w5500/MQTTC/MQTTPacket/MQTTUnsubscribeServer.d" -MT"Core/Src/w5500/MQTTC/MQTTPacket/MQTTUnsubscribeServer.o" --specs=nano.specs -mfpu=fpv4-sp-d16 -mfloat-abi=hard -mthumb -o "Core/Src/w5500/MQTTC/MQTTPacket/MQTTUnsubscribeServer.o"
arm-none-eabi-gcc "../Core/Src/w5500/MQTTC/MQTTClient.c" -mcpu=cortex-m4 -std=gnu11 -g3 -DDEBUG -DUSE_NUCLEO_64 -DUSE_HAL_DRIVER -DSTM32G474xx -c -I../Core/Inc -I../Core/Src/w5500 -I../Core/Src/w5500/MQTTC -I../Core/Src/w5500/MQTTC/MQTTPacket -I../Core/Src/w5500/W5500 -I../Drivers/STM32G4xx_HAL_Driver/Inc -I../Drivers/STM32G4xx_HAL_Driver/Inc/Legacy -I../Drivers/BSP/STM32G4xx_Nucleo -I../Drivers/CMSIS/Device/ST/STM32G4xx/Include -I../Drivers/CMSIS/Include -O0 -ffunction-sections -fdata-sections -Wall -fstack-usage -fcyclomatic-complexity -MMD -MP -MF"Core/Src/w5500/MQTTC/MQTTClient.d" -MT"Core/Src/w5500/MQTTC/MQTTClient.o" --specs=nano.specs -mfpu=fpv4-sp-d16 -mfloat-abi=hard -mthumb -o "Core/Src/w5500/MQTTC/MQTTClient.o"
arm-none-eabi-gcc "../Core/Src/w5500/MQTTC/mqtt_interface.c" -mcpu=cortex-m4 -std=gnu11 -g3 -DDEBUG -DUSE_NUCLEO_64 -DUSE_HAL_DRIVER -DSTM32G474xx -c -I../Core/Inc -I../Core/Src/w5500 -I../Core/Src/w5500/MQTTC -I../Core/Src/w5500/MQTTC/MQTTPacket -I../Core/Src/w5500/W5500 -I../Drivers/STM32G4xx_HAL_Driver/Inc -I../Drivers/STM32G4xx_HAL_Driver/Inc/Legacy -I../Drivers/BSP/STM32G4xx_Nucleo -I../Drivers/CMSIS/Device/ST/STM32G4xx/Include -I../Drivers/CMSIS/Include -O0 -ffunction-sections -fdata-sections -Wall -fstack-usage -fcyclomatic-complexity -MMD -MP -MF"Core/Src/w5500/MQTTC/mqtt_interface.d" -MT"Core/Src/w5500/MQTTC/mqtt_interface.o" --specs=nano.specs -mfpu=fpv4-sp-d16 -mfloat-abi=hard -mthumb -o "Core/Src/w5500/MQTTC/mqtt_interface.o"
arm-none-eabi-gcc "../Core/Src/w5500/socket.c" -mcpu=cortex-m4 -std=gnu11 -g3 -DDEBUG -DUSE_NUCLEO_64 -DUSE_HAL_DRIVER -DSTM32G474xx -c -I../Core/Inc -I../Core/Src/w5500 -I../Core/Src/w5500/MQTTC -I../Core/Src/w5500/MQTTC/MQTTPacket -I../Core/Src/w5500/W5500 -I../Drivers/STM32G4xx_HAL_Driver/Inc -I../Drivers/STM32G4xx_HAL_Driver/Inc/Legacy -I../Drivers/BSP/STM32G4xx_Nucleo -I../Drivers/CMSIS/Device/ST/STM32G4xx/Include -I../Drivers/CMSIS/Include -O0 -ffunction-sections -fdata-sections -Wall -fstack-usage -fcyclomatic-complexity -MMD -MP -MF"Core/Src/w5500/socket.d" -MT"Core/Src/w5500/socket.o" --specs=nano.specs -mfpu=fpv4-sp-d16 -mfloat-abi=hard -mthumb -o "Core/Src/w5500/socket.o"
arm-none-eabi-gcc "../Core/Src/w5500/w5500_spi.c" -mcpu=cortex-m4 -std=gnu11 -g3 -DDEBUG -DUSE_NUCLEO_64 -DUSE_HAL_DRIVER -DSTM32G474xx -c -I../Core/Inc -I../Core/Src/w5500 -I../Core/Src/w5500/MQTTC -I../Core/Src/w5500/MQTTC/MQTTPacket -I../Core/Src/w5500/W5500 -I../Drivers/STM32G4xx_HAL_Driver/Inc -I../Drivers/STM32G4xx_HAL_Driver/Inc/Legacy -I../Drivers/BSP/STM32G4xx_Nucleo -I../Drivers/CMSIS/Device/ST/STM32G4xx/Include -I../Drivers/CMSIS/Include -O0 -ffunction-sections -fdata-sections -Wall -fstack-usage -fcyclomatic-complexity -MMD -MP -MF"Core/Src/w5500/w5500_spi.d" -MT"Core/Src/w5500/w5500_spi.o" --specs=nano.specs -mfpu=fpv4-sp-d16 -mfloat-abi=hard -mthumb -o "Core/Src/w5500/w5500_spi.o"
arm-none-eabi-gcc "../Core/Src/w5500/wizchip_conf.c" -mcpu=cortex-m4 -std=gnu11 -g3 -DDEBUG -DUSE_NUCLEO_64 -DUSE_HAL_DRIVER -DSTM32G474xx -c -I../Core/Inc -I../Core/Src/w5500 -I../Core/Src/w5500/MQTTC -I../Core/Src/w5500/MQTTC/MQTTPacket -I../Core/Src/w5500/W5500 -I../Drivers/STM32G4xx_HAL_Driver/Inc -I../Drivers/STM32G4xx_HAL_Driver/Inc/Legacy -I../Drivers/BSP/STM32G4xx_Nucleo -I../Drivers/CMSIS/Device/ST/STM32G4xx/Include -I../Drivers/CMSIS/Include -O0 -ffunction-sections -fdata-sections -Wall -fstack-usage -fcyclomatic-complexity -MMD -MP -MF"Core/Src/w5500/wizchip_conf.d" -MT"Core/Src/w5500/wizchip_conf.o" --specs=nano.specs -mfpu=fpv4-sp-d16 -mfloat-abi=hard -mthumb -o "Core/Src/w5500/wizchip_conf.o"
arm-none-eabi-gcc "../Core/Src/main.c" -mcpu=cortex-m4 -std=gnu11 -g3 -DDEBUG -DUSE_NUCLEO_64 -DUSE_HAL_DRIVER -DSTM32G474xx -c -I../Core/Inc -I../Core/Src/w5500 -I../Core/Src/w5500/MQTTC -I../Core/Src/w5500/MQTTC/MQTTPacket -I../Core/Src/w5500/W5500 -I../Drivers/STM32G4xx_HAL_Driver/Inc -I../Drivers/STM32G4xx_HAL_Driver/Inc/Legacy -I../Drivers/BSP/STM32G4xx_Nucleo -I../Drivers/CMSIS/Device/ST/STM32G4xx/Include -I../Drivers/CMSIS/Include -O0 -ffunction-sections -fdata-sections -Wall -fstack-usage -fcyclomatic-complexity -MMD -MP -MF"Core/Src/main.d" -MT"Core/Src/main.o" --specs=nano.specs -mfpu=fpv4-sp-d16 -mfloat-abi=hard -mthumb -o "Core/Src/main.o"
arm-none-eabi-gcc "../Core/Src/stm32g4xx_hal_msp.c" -mcpu=cortex-m4 -std=gnu11 -g3 -DDEBUG -DUSE_NUCLEO_64 -DUSE_HAL_DRIVER -DSTM32G474xx -c -I../Core/Inc -I../Core/Src/w5500 -I../Core/Src/w5500/MQTTC -I../Core/Src/w5500/MQTTC/MQTTPacket -I../Core/Src/w5500/W5500 -I../Drivers/STM32G4xx_HAL_Driver/Inc -I../Drivers/STM32G4xx_HAL_Driver/Inc/Legacy -I../Drivers/BSP/STM32G4xx_Nucleo -I../Drivers/CMSIS/Device/ST/STM32G4xx/Include -I../Drivers/CMSIS/Include -O0 -ffunction-sections -fdata-sections -Wall -fstack-usage -fcyclomatic-complexity -MMD -MP -MF"Core/Src/stm32g4xx_hal_msp.d" -MT"Core/Src/stm32g4xx_hal_msp.o" --specs=nano.specs -mfpu=fpv4-sp-d16 -mfloat-abi=hard -mthumb -o "Core/Src/stm32g4xx_hal_msp.o"
arm-none-eabi-gcc "../Core/Src/stm32g4xx_it.c" -mcpu=cortex-m4 -std=gnu11 -g3 -DDEBUG -DUSE_NUCLEO_64 -DUSE_HAL_DRIVER -DSTM32G474xx -c -I../Core/Inc -I../Core/Src/w5500 -I../Core/Src/w5500/MQTTC -I../Core/Src/w5500/MQTTC/MQTTPacket -I../Core/Src/w5500/W5500 -I../Drivers/STM32G4xx_HAL_Driver/Inc -I../Drivers/STM32G4xx_HAL_Driver/Inc/Legacy -I../Drivers/BSP/STM32G4xx_Nucleo -I../Drivers/CMSIS/Device/ST/STM32G4xx/Include -I../Drivers/CMSIS/Include -O0 -ffunction-sections -fdata-sections -Wall -fstack-usage -fcyclomatic-complexity -MMD -MP -MF"Core/Src/stm32g4xx_it.d" -MT"Core/Src/stm32g4xx_it.o" --specs=nano.specs -mfpu=fpv4-sp-d16 -mfloat-abi=hard -mthumb -o "Core/Src/stm32g4xx_it.o"
arm-none-eabi-gcc "../Core/Src/syscalls.c" -mcpu=cortex-m4 -std=gnu11 -g3 -DDEBUG -DUSE_NUCLEO_64 -DUSE_HAL_DRIVER -DSTM32G474xx -c -I../Core/Inc -I../Core/Src/w5500 -I../Core/Src/w5500/MQTTC -I../Core/Src/w5500/MQTTC/MQTTPacket -I../Core/Src/w5500/W5500 -I../Drivers/STM32G4xx_HAL_Driver/Inc -I../Drivers/STM32G4xx_HAL_Driver/Inc/Legacy -I../Drivers/BSP/STM32G4xx_Nucleo -I../Drivers/CMSIS/Device/ST/STM32G4xx/Include -I../Drivers/CMSIS/Include -O0 -ffunction-sections -fdata-sections -Wall -fstack-usage -fcyclomatic-complexity -MMD -MP -MF"Core/Src/syscalls.d" -MT"Core/Src/syscalls.o" --specs=nano.specs -mfpu=fpv4-sp-d16 -mfloat-abi=hard -mthumb -o "Core/Src/syscalls.o"
In file included from ../Core/Src/w5500/MQTTC/MQTTClient.c:18:
../Core/Src/w5500/MQTTC/MQTTClient.h:70:23: error: unknown type name 'Timer'
   70 | extern void TimerInit(Timer*);
      |                       ^~~~~
../Core/Src/w5500/MQTTC/MQTTClient.h:71:28: error: unknown type name 'Timer'
   71 | extern char TimerIsExpired(Timer*);
      |                            ^~~~~
../Core/Src/w5500/MQTTC/MQTTClient.h:72:30: error: unknown type name 'Timer'
   72 | extern void TimerCountdownMS(Timer*, unsigned int);
      |                              ^~~~~
../Core/Src/w5500/MQTTC/MQTTClient.h:73:28: error: unknown type name 'Timer'
   73 | extern void TimerCountdown(Timer*, unsigned int);
      |                            ^~~~~
../Core/Src/w5500/MQTTC/MQTTClient.h:74:24: error: unknown type name 'Timer'
   74 | extern int TimerLeftMS(Timer*);
      |                        ^~~~~
../Core/Src/w5500/MQTTC/MQTTClient.h:126:5: error: unknown type name 'Network'
  126 |     Network* ipstack;
      |     ^~~~~~~
../Core/Src/w5500/MQTTC/MQTTClient.h:127:5: error: unknown type name 'Timer'
  127 |     Timer last_sent, last_received;
      |     ^~~~~
../Core/Src/w5500/MQTTC/MQTTClient.h:144:51: error: unknown type name 'Network'
  144 | DLLExport void MQTTClientInit(MQTTClient* client, Network* network, unsigned int command_timeout_ms,
      |                                                   ^~~~~~~
../Core/Src/w5500/MQTTC/MQTTClient.c:34:50: error: unknown type name 'Timer'
   34 | static int sendPacket(MQTTClient* c, int length, Timer* timer)
      |                                                  ^~~~~
../Core/Src/w5500/MQTTC/MQTTClient.c:57:36: error: unknown type name 'Network'
   57 | void MQTTClientInit(MQTTClient* c, Network* network, unsigned int command_timeout_ms,
      |                                    ^~~~~~~
../Core/Src/w5500/MQTTC/MQTTClient.c: In function 'decodePacket':
../Core/Src/w5500/MQTTC/MQTTClient.c:100:24: error: request for member 'mqttread' in something not a structure or union
  100 |         rc = c->ipstack->mqttread(c->ipstack, &i, 1, timeout);
      |                        ^~
../Core/Src/w5500/MQTTC/MQTTClient.c: At top level:
../Core/Src/w5500/MQTTC/MQTTClient.c:111:38: error: unknown type name 'Timer'
  111 | static int readPacket(MQTTClient* c, Timer* timer)
      |                                      ^~~~~
../Core/Src/w5500/MQTTC/MQTTClient.c: In function 'keepalive':
../Core/Src/w5500/MQTTC/MQTTClient.c:219:9: warning: implicit declaration of function 'TimerIsExpired' [-Wimplicit-function-declaration]
  219 |     if (TimerIsExpired(&c->last_sent) || TimerIsExpired(&c->last_received))
      |         ^~~~~~~~~~~~~~
../Core/Src/w5500/MQTTC/MQTTClient.c:225:13: error: unknown type name 'Timer'
  225 |             Timer timer;
      |             ^~~~~
../Core/Src/w5500/MQTTC/MQTTClient.c:226:13: warning: implicit declaration of function 'TimerInit' [-Wimplicit-function-declaration]
  226 |             TimerInit(&timer);
      |             ^~~~~~~~~
../Core/Src/w5500/MQTTC/MQTTClient.c:227:13: warning: implicit declaration of function 'TimerCountdownMS' [-Wimplicit-function-declaration]
  227 |             TimerCountdownMS(&timer, 1000);
      |             ^~~~~~~~~~~~~~~~
../Core/Src/w5500/MQTTC/MQTTClient.c:229:34: warning: implicit declaration of function 'sendPacket'; did you mean 'decodePacket'? [-Wimplicit-function-declaration]
  229 |             if (len > 0 && (rc = sendPacket(c, len, &timer)) == SUCCESS) // send the ping packet
      |                                  ^~~~~~~~~~
      |                                  decodePacket
../Core/Src/w5500/MQTTC/MQTTClient.c: At top level:
../Core/Src/w5500/MQTTC/MQTTClient.c:257:26: error: unknown type name 'Timer'
  257 | int cycle(MQTTClient* c, Timer* timer)
      |                          ^~~~~
../Core/Src/w5500/MQTTC/MQTTClient.c: In function 'MQTTYield':
../Core/Src/w5500/MQTTC/MQTTClient.c:344:5: error: unknown type name 'Timer'
  344 |     Timer timer;
      |     ^~~~~
../Core/Src/w5500/MQTTC/MQTTClient.c:351:13: warning: implicit declaration of function 'cycle' [-Wimplicit-function-declaration]
  351 |         if (cycle(c, &timer) < 0)
      |             ^~~~~
../Core/Src/w5500/MQTTC/MQTTClient.c: In function 'MQTTRun':
../Core/Src/w5500/MQTTC/MQTTClient.c:368:9: error: unknown type name 'Timer'
  368 |         Timer timer;
      |         ^~~~~
../Core/Src/w5500/MQTTC/MQTTClient.c: At top level:
../Core/Src/w5500/MQTTC/MQTTClient.c:395:45: error: unknown type name 'Timer'
  395 | int waitfor(MQTTClient* c, int packet_type, Timer* timer)
      |                                             ^~~~~
../Core/Src/w5500/MQTTC/MQTTClient.c: In function 'MQTTConnectWithResults':
../Core/Src/w5500/MQTTC/MQTTClient.c:415:5: error: unknown type name 'Timer'
  415 |     Timer connect_timer;
      |     ^~~~~
../Core/Src/w5500/MQTTC/MQTTClient.c:434:5: warning: implicit declaration of function 'TimerCountdown' [-Wimplicit-function-declaration]
  434 |     TimerCountdown(&c->last_received, c->keepAliveInterval);
      |     ^~~~~~~~~~~~~~
../Core/Src/w5500/MQTTC/MQTTClient.c:441:9: warning: implicit declaration of function 'waitfor' [-Wimplicit-function-declaration]
  441 |     if (waitfor(c, CONNACK, &connect_timer) == CONNACK)
      |         ^~~~~~~
../Core/Src/w5500/MQTTC/MQTTClient.c: In function 'MQTTSubscribeWithResults':
../Core/Src/w5500/MQTTC/MQTTClient.c:521:5: error: unknown type name 'Timer'
  521 |     Timer timer;
      |     ^~~~~
../Core/Src/w5500/MQTTC/MQTTClient.c:535:5: warning: converting a packed 'enum QoS' pointer (alignment 1) to a 'int' pointer (alignment 4) may result in an unaligned pointer value [-Waddress-of-packed-member]
  535 |     len = MQTTSerialize_subscribe(c->buf, c->buf_size, 0, getNextPacketId(c), 1, &topic, (int*)&qos);
      |     ^~~
../Core/Src/w5500/MQTTC/MQTTClient.h:54:6: note: defined here
   54 | enum QoS { QOS0, QOS1, QOS2, SUBFAIL=0x80 };
      |      ^~~
../Core/Src/w5500/MQTTC/MQTTClient.c:546:66: warning: taking address of packed member of 'struct MQTTSubackData' may result in an unaligned pointer value [-Waddress-of-packed-member]
  546 |         if (MQTTDeserialize_suback(&mypacketid, 1, &count, (int*)&data->grantedQoS, c->readbuf, c->readbuf_size) == 1)
      |                                                                  ^~~~~~~~~~~~~~~~~
../Core/Src/w5500/MQTTC/MQTTClient.c: In function 'MQTTUnsubscribe':
../Core/Src/w5500/MQTTC/MQTTClient.c:576:5: error: unknown type name 'Timer'
  576 |     Timer timer;
      |     ^~~~~
../Core/Src/w5500/MQTTC/MQTTClient.c: In function 'MQTTPublish':
../Core/Src/w5500/MQTTC/MQTTClient.c:620:5: error: unknown type name 'Timer'
  620 |     Timer timer;
      |     ^~~~~
../Core/Src/w5500/MQTTC/MQTTClient.c: In function 'MQTTDisconnect':
../Core/Src/w5500/MQTTC/MQTTClient.c:682:5: error: unknown type name 'Timer'
  682 |     Timer timer;     // we might wait for incomplete incoming publishes to complete
      |     ^~~~~
../Core/Src/w5500/MQTTC/MQTTClient.c: At top level:
../Core/Src/w5500/MQTTC/MQTTClient.c:83:12: warning: 'decodePacket' defined but not used [-Wunused-function]
   83 | static int decodePacket(MQTTClient* c, int* value, int timeout)
      |            ^~~~~~~~~~~~
arm-none-eabi-gcc "../Core/Src/sysmem.c" -mcpu=cortex-m4 -std=gnu11 -g3 -DDEBUG -DUSE_NUCLEO_64 -DUSE_HAL_DRIVER -DSTM32G474xx -c -I../Core/Inc -I../Core/Src/w5500 -I../Core/Src/w5500/MQTTC -I../Core/Src/w5500/MQTTC/MQTTPacket -I../Core/Src/w5500/W5500 -I../Drivers/STM32G4xx_HAL_Driver/Inc -I../Drivers/STM32G4xx_HAL_Driver/Inc/Legacy -I../Drivers/BSP/STM32G4xx_Nucleo -I../Drivers/CMSIS/Device/ST/STM32G4xx/Include -I../Drivers/CMSIS/Include -O0 -ffunction-sections -fdata-sections -Wall -fstack-usage -fcyclomatic-complexity -MMD -MP -MF"Core/Src/sysmem.d" -MT"Core/Src/sysmem.o" --specs=nano.specs -mfpu=fpv4-sp-d16 -mfloat-abi=hard -mthumb -o "Core/Src/sysmem.o"
make: *** [Core/Src/w5500/MQTTC/subdir.mk:22: Core/Src/w5500/MQTTC/MQTTClient.o] Error 1
make: *** Waiting for unfinished jobs....
../Core/Src/main.c: In function 'simpleClientExample':
../Core/Src/main.c:510:30: warning: pointer targets in passing argument 2 of 'send' differ in signedness [-Wpointer-sign]
  510 |                   if(send(1, "JAI SHREE RAM!\r\n", 16)<=SOCK_ERROR)
      |                              ^~~~~~~~~~~~~~~~~~~~
      |                              |
      |                              char *
In file included from ../Core/Src/main.c:27:
../Core/Src/w5500/socket.h:250:36: note: expected 'uint8_t *' {aka 'unsigned char *'} but argument is of type 'char *'
  250 | int32_t send(uint8_t sn, uint8_t * buf, uint16_t len);
      |                          ~~~~~~~~~~^~~
../Core/Src/main.c: At top level:
../Core/Src/main.c:464:13: warning: 'simpleClientExample' defined but not used [-Wunused-function]
  464 | static void simpleClientExample(void)
      |             ^~~~~~~~~~~~~~~~~~~
"make -j16 all" terminated with exit code 2. Build might be incomplete.

20:16:15 Build Failed. 24 errors, 12 warnings. (took 2s.61ms)

